TN:
SF:src\App.jsx
FN:11,(anonymous_0)
FN:12,(anonymous_1)
FN:13,(anonymous_2)
FN:14,(anonymous_3)
FN:15,(anonymous_4)
FN:16,(anonymous_5)
FN:18,App
FNF:7
FNH:0
FNDA:0,(anonymous_0)
FNDA:0,(anonymous_1)
FNDA:0,(anonymous_2)
FNDA:0,(anonymous_3)
FNDA:0,(anonymous_4)
FNDA:0,(anonymous_5)
FNDA:0,App
DA:11,0
DA:12,0
DA:13,0
DA:14,0
DA:15,0
DA:16,0
DA:19,0
LF:7
LH:0
BRF:0
BRH:0
end_of_record
TN:
SF:src\App.working.jsx
FN:14,WorkingApp
FNF:1
FNH:0
FNDA:0,WorkingApp
DA:15,0
LF:1
LH:0
BRF:0
BRH:0
end_of_record
TN:
SF:src\main.jsx
FNF:0
FNH:0
DA:8,0
LF:1
LH:0
BRF:0
BRH:0
end_of_record
TN:
SF:src\components\CacheMonitor.jsx
FN:12,(anonymous_0)
FN:20,(anonymous_1)
FN:23,(anonymous_2)
FN:35,(anonymous_3)
FN:41,(anonymous_4)
FN:44,(anonymous_5)
FN:47,(anonymous_6)
FN:52,(anonymous_7)
FN:55,(anonymous_8)
FN:72,(anonymous_9)
FN:73,(anonymous_10)
FN:85,(anonymous_11)
FN:105,(anonymous_12)
FN:113,(anonymous_13)
FNF:14
FNH:0
FNDA:0,(anonymous_0)
FNDA:0,(anonymous_1)
FNDA:0,(anonymous_2)
FNDA:0,(anonymous_3)
FNDA:0,(anonymous_4)
FNDA:0,(anonymous_5)
FNDA:0,(anonymous_6)
FNDA:0,(anonymous_7)
FNDA:0,(anonymous_8)
FNDA:0,(anonymous_9)
FNDA:0,(anonymous_10)
FNDA:0,(anonymous_11)
FNDA:0,(anonymous_12)
FNDA:0,(anonymous_13)
DA:12,0
DA:13,0
DA:14,0
DA:15,0
DA:18,0
DA:20,0
DA:21,0
DA:23,0
DA:24,0
DA:25,0
DA:29,0
DA:32,0
DA:33,0
DA:35,0
DA:36,0
DA:41,0
DA:42,0
DA:44,0
DA:46,0
DA:47,0
DA:51,0
DA:52,0
DA:55,0
DA:56,0
DA:57,0
DA:60,0
DA:61,0
DA:64,0
DA:65,0
DA:72,0
DA:73,0
DA:74,0
DA:75,0
DA:77,0
DA:85,0
DA:105,0
DA:114,0
DA:118,0
LF:38
LH:0
BRDA:21,0,0,0
BRDA:21,0,1,0
BRDA:36,1,0,0
BRDA:36,1,1,0
BRDA:42,2,0,0
BRDA:42,2,1,0
BRDA:46,3,0,0
BRDA:46,3,1,0
BRDA:46,4,0,0
BRDA:46,4,1,0
BRDA:46,4,2,0
BRDA:60,5,0,0
BRDA:60,5,1,0
BRDA:60,6,0,0
BRDA:60,6,1,0
BRDA:64,7,0,0
BRDA:64,7,1,0
BRDA:75,8,0,0
BRDA:75,8,1,0
BRDA:114,9,0,0
BRDA:114,9,1,0
BRF:21
BRH:0
end_of_record
TN:
SF:src\components\ChartTooltip.jsx
FN:27,ChartTooltip
FN:78,(anonymous_1)
FN:101,RechartsTooltip
FNF:3
FNH:0
FNDA:0,ChartTooltip
FNDA:0,(anonymous_1)
FNDA:0,RechartsTooltip
DA:29,0
DA:33,0
DA:36,0
DA:37,0
DA:71,0
DA:79,0
DA:102,0
LF:7
LH:0
BRDA:27,0,0,0
BRDA:29,1,0,0
BRDA:29,1,1,0
BRDA:29,2,0,0
BRDA:29,2,1,0
BRDA:29,2,2,0
BRDA:36,3,0,0
BRDA:36,3,1,0
BRDA:74,4,0,0
BRDA:74,4,1,0
BRF:10
BRH:0
end_of_record
TN:
SF:src\components\DailyProfitChart.jsx
FN:47,DailyProfitChart
FN:68,(anonymous_1)
FN:72,(anonymous_2)
FN:92,(anonymous_3)
FN:126,(anonymous_4)
FNF:5
FNH:0
FNDA:0,DailyProfitChart
FNDA:0,(anonymous_1)
FNDA:0,(anonymous_2)
FNDA:0,(anonymous_3)
FNDA:0,(anonymous_4)
DA:48,0
DA:50,0
DA:51,0
DA:58,0
DA:59,0
DA:67,0
DA:68,0
DA:72,0
DA:74,0
DA:75,0
DA:81,0
DA:92,0
DA:93,0
DA:94,0
DA:95,0
DA:106,0
DA:109,0
DA:127,0
LF:18
LH:0
BRDA:50,0,0,0
BRDA:50,0,1,0
BRDA:58,1,0,0
BRDA:58,1,1,0
BRDA:67,2,0,0
BRDA:67,2,1,0
BRDA:84,3,0,0
BRDA:84,3,1,0
BRDA:93,4,0,0
BRDA:93,4,1,0
BRDA:93,5,0,0
BRDA:93,5,1,0
BRDA:93,5,2,0
BRDA:99,6,0,0
BRDA:99,6,1,0
BRDA:127,7,0,0
BRDA:127,7,1,0
BRF:17
BRH:0
end_of_record
TN:
SF:src\components\DailySummaryLog.jsx
FN:10,timeAgo
FN:23,formatDateForFlipLink
FN:27,DailySummaryLog
FN:51,(anonymous_3)
FN:56,(anonymous_4)
FN:62,(anonymous_5)
FN:264,(anonymous_6)
FN:274,(anonymous_7)
FN:274,(anonymous_8)
FN:288,(anonymous_9)
FN:288,(anonymous_10)
FN:318,(anonymous_11)
FN:340,(anonymous_12)
FN:468,(anonymous_13)
FN:523,(anonymous_14)
FNF:15
FNH:0
FNDA:0,timeAgo
FNDA:0,formatDateForFlipLink
FNDA:0,DailySummaryLog
FNDA:0,(anonymous_3)
FNDA:0,(anonymous_4)
FNDA:0,(anonymous_5)
FNDA:0,(anonymous_6)
FNDA:0,(anonymous_7)
FNDA:0,(anonymous_8)
FNDA:0,(anonymous_9)
FNDA:0,(anonymous_10)
FNDA:0,(anonymous_11)
FNDA:0,(anonymous_12)
FNDA:0,(anonymous_13)
FNDA:0,(anonymous_14)
DA:11,0
DA:12,0
DA:13,0
DA:14,0
DA:15,0
DA:16,0
DA:17,0
DA:18,0
DA:19,0
DA:24,0
DA:33,0
DA:39,0
DA:40,0
DA:41,0
DA:42,0
DA:43,0
DA:46,0
DA:47,0
DA:50,0
DA:51,0
DA:53,0
DA:56,0
DA:57,0
DA:58,0
DA:62,0
DA:63,0
DA:64,0
DA:65,0
DA:72,0
DA:73,0
DA:74,0
DA:75,0
DA:77,0
DA:82,0
DA:83,0
DA:90,0
DA:91,0
DA:103,0
DA:104,0
DA:105,0
DA:106,0
DA:108,0
DA:264,0
DA:274,0
DA:288,0
DA:319,0
DA:320,0
DA:322,0
DA:341,0
DA:342,0
DA:469,0
DA:523,0
LF:52
LH:0
BRDA:17,0,0,0
BRDA:17,0,1,0
BRDA:17,1,0,0
BRDA:17,1,1,0
BRDA:18,2,0,0
BRDA:18,2,1,0
BRDA:18,3,0,0
BRDA:18,3,1,0
BRDA:19,4,0,0
BRDA:19,4,1,0
BRDA:46,5,0,0
BRDA:46,5,1,0
BRDA:47,6,0,0
BRDA:47,6,1,0
BRDA:50,7,0,0
BRDA:50,7,1,0
BRDA:53,8,0,0
BRDA:53,8,1,0
BRDA:63,9,0,0
BRDA:63,9,1,0
BRDA:63,10,0,0
BRDA:63,10,1,0
BRDA:82,11,0,0
BRDA:82,11,1,0
BRDA:90,12,0,0
BRDA:90,12,1,0
BRDA:95,13,0,0
BRDA:95,13,1,0
BRDA:103,14,0,0
BRDA:103,14,1,0
BRDA:105,15,0,0
BRDA:105,15,1,0
BRDA:106,16,0,0
BRDA:106,16,1,0
BRDA:125,17,0,0
BRDA:125,17,1,0
BRDA:162,18,0,0
BRDA:162,18,1,0
BRDA:166,19,0,0
BRDA:166,19,1,0
BRDA:180,20,0,0
BRDA:180,20,1,0
BRDA:192,21,0,0
BRDA:192,21,1,0
BRDA:204,22,0,0
BRDA:204,22,1,0
BRDA:216,23,0,0
BRDA:216,23,1,0
BRDA:236,24,0,0
BRDA:236,24,1,0
BRDA:238,25,0,0
BRDA:238,25,1,0
BRDA:267,26,0,0
BRDA:267,26,1,0
BRDA:277,27,0,0
BRDA:277,27,1,0
BRDA:291,28,0,0
BRDA:291,28,1,0
BRDA:310,29,0,0
BRDA:310,29,1,0
BRDA:310,29,2,0
BRDA:324,30,0,0
BRDA:324,30,1,0
BRDA:326,31,0,0
BRDA:326,31,1,0
BRDA:332,32,0,0
BRDA:332,32,1,0
BRDA:332,33,0,0
BRDA:332,33,1,0
BRDA:332,34,0,0
BRDA:332,34,1,0
BRDA:333,35,0,0
BRDA:333,35,1,0
BRDA:341,36,0,0
BRDA:341,36,1,0
BRDA:356,37,0,0
BRDA:356,37,1,0
BRDA:360,38,0,0
BRDA:360,38,1,0
BRDA:364,39,0,0
BRDA:364,39,1,0
BRDA:364,40,0,0
BRDA:364,40,1,0
BRDA:365,41,0,0
BRDA:365,41,1,0
BRDA:370,42,0,0
BRDA:370,42,1,0
BRDA:375,43,0,0
BRDA:375,43,1,0
BRDA:375,44,0,0
BRDA:375,44,1,0
BRDA:377,45,0,0
BRDA:377,45,1,0
BRDA:382,46,0,0
BRDA:382,46,1,0
BRDA:430,47,0,0
BRDA:430,47,1,0
BRDA:433,48,0,0
BRDA:433,48,1,0
BRDA:469,49,0,0
BRDA:469,49,1,0
BRDA:472,50,0,0
BRDA:472,50,1,0
BRDA:475,51,0,0
BRDA:475,51,1,0
BRDA:481,52,0,0
BRDA:481,52,1,0
BRDA:481,53,0,0
BRDA:481,53,1,0
BRDA:484,54,0,0
BRDA:484,54,1,0
BRDA:487,55,0,0
BRDA:487,55,1,0
BRDA:493,56,0,0
BRDA:493,56,1,0
BRDA:493,57,0,0
BRDA:493,57,1,0
BRDA:496,58,0,0
BRDA:496,58,1,0
BRDA:499,59,0,0
BRDA:499,59,1,0
BRDA:519,60,0,0
BRDA:519,60,1,0
BRDA:521,61,0,0
BRDA:521,61,1,0
BRDA:523,62,0,0
BRDA:523,62,1,0
BRF:127
BRH:0
end_of_record
TN:
SF:src\components\DateNavigation.jsx
FN:5,DateNavigation
FN:8,(anonymous_1)
FN:13,(anonymous_2)
FN:24,(anonymous_3)
FN:35,(anonymous_4)
FN:42,(anonymous_5)
FNF:6
FNH:0
FNDA:0,DateNavigation
FNDA:0,(anonymous_1)
FNDA:0,(anonymous_2)
FNDA:0,(anonymous_3)
FNDA:0,(anonymous_4)
FNDA:0,(anonymous_5)
DA:6,0
DA:8,0
DA:9,0
DA:10,0
DA:13,0
DA:14,0
DA:15,0
DA:16,0
DA:19,0
DA:24,0
DA:36,0
DA:37,0
DA:42,0
LF:13
LH:0
BRDA:5,0,0,0
BRDA:5,1,0,0
BRDA:14,2,0,0
BRDA:14,2,1,0
BRDA:36,3,0,0
BRDA:36,3,1,0
BRF:6
BRH:0
end_of_record
TN:
SF:src\components\ETACalculator.js
FN:4,useETACalculator
FN:5,(anonymous_1)
FN:19,(anonymous_2)
FN:20,(anonymous_3)
FN:44,(anonymous_4)
FN:51,(anonymous_5)
FN:56,(anonymous_6)
FN:76,calculateLinearTrendETA
FN:80,(anonymous_8)
FN:81,(anonymous_9)
FN:82,(anonymous_10)
FN:83,(anonymous_11)
FN:106,calculateExponentialETA
FN:114,(anonymous_13)
FN:119,(anonymous_14)
FN:120,(anonymous_15)
FN:122,(anonymous_16)
FN:125,(anonymous_17)
FN:141,calculateWeightedAverageETA
FN:148,(anonymous_19)
FN:163,calculateCompoundGrowthETA
FN:187,(anonymous_21)
FN:209,formatETA
FNF:23
FNH:0
FNDA:0,useETACalculator
FNDA:0,(anonymous_1)
FNDA:0,(anonymous_2)
FNDA:0,(anonymous_3)
FNDA:0,(anonymous_4)
FNDA:0,(anonymous_5)
FNDA:0,(anonymous_6)
FNDA:0,calculateLinearTrendETA
FNDA:0,(anonymous_8)
FNDA:0,(anonymous_9)
FNDA:0,(anonymous_10)
FNDA:0,(anonymous_11)
FNDA:0,calculateExponentialETA
FNDA:0,(anonymous_13)
FNDA:0,(anonymous_14)
FNDA:0,(anonymous_15)
FNDA:0,(anonymous_16)
FNDA:0,(anonymous_17)
FNDA:0,calculateWeightedAverageETA
FNDA:0,(anonymous_19)
FNDA:0,calculateCompoundGrowthETA
FNDA:0,(anonymous_21)
FNDA:0,formatETA
DA:5,0
DA:6,0
DA:7,0
DA:10,0
DA:11,0
DA:13,0
DA:14,0
DA:18,0
DA:19,0
DA:20,0
DA:22,0
DA:23,0
DA:27,0
DA:30,0
DA:33,0
DA:36,0
DA:39,0
DA:44,0
DA:46,0
DA:47,0
DA:51,0
DA:52,0
DA:56,0
DA:57,0
DA:59,0
DA:72,0
DA:77,0
DA:80,0
DA:81,0
DA:82,0
DA:83,0
DA:85,0
DA:86,0
DA:88,0
DA:91,0
DA:92,0
DA:93,0
DA:95,0
DA:96,0
DA:97,0
DA:98,0
DA:99,0
DA:102,0
DA:107,0
DA:110,0
DA:114,0
DA:116,0
DA:118,0
DA:119,0
DA:120,0
DA:121,0
DA:122,0
DA:125,0
DA:127,0
DA:128,0
DA:130,0
DA:134,0
DA:135,0
DA:137,0
DA:142,0
DA:145,0
DA:146,0
DA:148,0
DA:150,0
DA:151,0
DA:152,0
DA:155,0
DA:157,0
DA:159,0
DA:164,0
DA:167,0
DA:170,0
DA:171,0
DA:172,0
DA:173,0
DA:175,0
DA:176,0
DA:177,0
DA:181,0
DA:184,0
DA:185,0
DA:187,0
DA:188,0
DA:189,0
DA:190,0
DA:193,0
DA:197,0
DA:199,0
DA:203,0
DA:205,0
DA:210,0
DA:212,0
DA:218,0
DA:219,0
DA:220,0
DA:221,0
DA:222,0
DA:223,0
DA:226,0
DA:227,0
LF:100
LH:0
BRDA:6,0,0,0
BRDA:6,0,1,0
BRDA:6,1,0,0
BRDA:6,1,1,0
BRDA:13,2,0,0
BRDA:13,2,1,0
BRDA:22,3,0,0
BRDA:22,3,1,0
BRDA:44,4,0,0
BRDA:44,4,1,0
BRDA:46,5,0,0
BRDA:46,5,1,0
BRDA:57,6,0,0
BRDA:57,6,1,0
BRDA:57,7,0,0
BRDA:57,7,1,0
BRDA:88,8,0,0
BRDA:88,8,1,0
BRDA:95,9,0,0
BRDA:95,9,1,0
BRDA:107,10,0,0
BRDA:107,10,1,0
BRDA:116,11,0,0
BRDA:116,11,1,0
BRDA:130,12,0,0
BRDA:130,12,1,0
BRDA:142,13,0,0
BRDA:142,13,1,0
BRDA:157,14,0,0
BRDA:157,14,1,0
BRDA:164,15,0,0
BRDA:164,15,1,0
BRDA:175,16,0,0
BRDA:175,16,1,0
BRDA:175,17,0,0
BRDA:175,17,1,0
BRDA:181,18,0,0
BRDA:181,18,1,0
BRDA:199,19,0,0
BRDA:199,19,1,0
BRDA:210,20,0,0
BRDA:210,20,1,0
BRDA:210,21,0,0
BRDA:210,21,1,0
BRDA:218,22,0,0
BRDA:218,22,1,0
BRDA:219,23,0,0
BRDA:219,23,1,0
BRDA:220,24,0,0
BRDA:220,24,1,0
BRDA:221,25,0,0
BRDA:221,25,1,0
BRDA:227,26,0,0
BRDA:227,26,1,0
BRF:54
BRH:0
end_of_record
TN:
SF:src\components\ErrorBoundary.jsx
FN:6,(anonymous_0)
FN:16,(anonymous_1)
FN:24,(anonymous_2)
FN:46,(anonymous_3)
FN:60,(anonymous_4)
FN:111,(anonymous_5)
FN:126,useErrorHandler
FN:129,(anonymous_7)
FN:134,(anonymous_8)
FN:139,(anonymous_9)
FN:149,withErrorBoundary
FN:150,(anonymous_11)
FN:162,(anonymous_12)
FN:166,(anonymous_13)
FN:186,(anonymous_14)
FN:190,(anonymous_15)
FNF:16
FNH:0
FNDA:0,(anonymous_0)
FNDA:0,(anonymous_1)
FNDA:0,(anonymous_2)
FNDA:0,(anonymous_3)
FNDA:0,(anonymous_4)
FNDA:0,(anonymous_5)
FNDA:0,useErrorHandler
FNDA:0,(anonymous_7)
FNDA:0,(anonymous_8)
FNDA:0,(anonymous_9)
FNDA:0,withErrorBoundary
FNDA:0,(anonymous_11)
FNDA:0,(anonymous_12)
FNDA:0,(anonymous_13)
FNDA:0,(anonymous_14)
FNDA:0,(anonymous_15)
DA:7,0
DA:8,0
DA:18,0
DA:26,0
DA:34,0
DA:40,0
DA:46,0
DA:47,0
DA:55,0
DA:56,0
DA:61,0
DA:63,0
DA:64,0
DA:68,0
DA:111,0
DA:121,0
DA:127,0
DA:129,0
DA:130,0
DA:131,0
DA:134,0
DA:135,0
DA:139,0
DA:140,0
DA:141,0
DA:145,0
DA:150,0
DA:151,0
DA:156,0
DA:158,0
DA:162,0
DA:163,0
DA:167,0
DA:186,0
DA:187,0
DA:191,0
LF:36
LH:0
BRDA:40,0,0,0
BRDA:40,0,1,0
BRDA:55,1,0,0
BRDA:55,1,1,0
BRDA:61,2,0,0
BRDA:61,2,1,0
BRDA:63,3,0,0
BRDA:63,3,1,0
BRDA:74,4,0,0
BRDA:74,4,1,0
BRDA:77,5,0,0
BRDA:77,5,1,0
BRDA:83,6,0,0
BRDA:83,6,1,0
BRDA:83,6,2,0
BRDA:140,7,0,0
BRDA:140,7,1,0
BRDA:149,8,0,0
BRDA:156,9,0,0
BRDA:156,9,1,0
BRF:20
BRH:0
end_of_record
TN:
SF:src\components\FilterSidebar.jsx
FN:4,FilterSidebar
FN:39,FilterSection
FN:49,SearchFilter
FN:55,(anonymous_3)
FN:61,CategoryFilter
FN:65,(anonymous_5)
FN:69,(anonymous_6)
FN:79,RangeFilter
FN:89,(anonymous_8)
FN:96,(anonymous_9)
FN:104,SelectFilter
FN:111,(anonymous_11)
FN:113,(anonymous_12)
FN:124,CheckboxFilter
FN:127,(anonymous_14)
FN:134,SliderFilter
FN:144,(anonymous_16)
FN:152,FilterSummary
FN:157,(anonymous_18)
FNF:19
FNH:0
FNDA:0,FilterSidebar
FNDA:0,FilterSection
FNDA:0,SearchFilter
FNDA:0,(anonymous_3)
FNDA:0,CategoryFilter
FNDA:0,(anonymous_5)
FNDA:0,(anonymous_6)
FNDA:0,RangeFilter
FNDA:0,(anonymous_8)
FNDA:0,(anonymous_9)
FNDA:0,SelectFilter
FNDA:0,(anonymous_11)
FNDA:0,(anonymous_12)
FNDA:0,CheckboxFilter
FNDA:0,(anonymous_14)
FNDA:0,SliderFilter
FNDA:0,(anonymous_16)
FNDA:0,FilterSummary
FNDA:0,(anonymous_18)
DA:12,0
DA:40,0
DA:50,0
DA:55,0
DA:62,0
DA:65,0
DA:70,0
DA:80,0
DA:89,0
DA:96,0
DA:105,0
DA:111,0
DA:114,0
DA:125,0
DA:127,0
DA:135,0
DA:144,0
DA:153,0
DA:158,0
LF:19
LH:0
BRDA:7,0,0,0
BRDA:8,1,0,0
BRDA:10,2,0,0
BRDA:14,3,0,0
BRDA:14,3,1,0
BRDA:17,4,0,0
BRDA:17,4,1,0
BRDA:29,5,0,0
BRDA:29,5,1,0
BRDA:33,6,0,0
BRDA:33,6,1,0
BRDA:39,7,0,0
BRDA:49,8,0,0
BRDA:61,9,0,0
BRDA:68,10,0,0
BRDA:68,10,1,0
BRDA:79,11,0,0
BRDA:89,12,0,0
BRDA:89,12,1,0
BRDA:96,13,0,0
BRDA:96,13,1,0
BRDA:134,14,0,0
BRDA:134,15,0,0
BRDA:134,16,0,0
BRDA:152,17,0,0
BRDA:160,18,0,0
BRDA:160,18,1,0
BRDA:161,19,0,0
BRDA:161,19,1,0
BRF:29
BRH:0
end_of_record
TN:
SF:src\components\HeatMap.jsx
FN:32,HeatMap
FN:42,(anonymous_1)
FN:53,(anonymous_2)
FN:63,(anonymous_3)
FN:71,(anonymous_4)
FN:83,(anonymous_5)
FN:84,(anonymous_6)
FN:88,(anonymous_7)
FN:109,(anonymous_8)
FN:118,(anonymous_9)
FNF:10
FNH:0
FNDA:0,HeatMap
FNDA:0,(anonymous_1)
FNDA:0,(anonymous_2)
FNDA:0,(anonymous_3)
FNDA:0,(anonymous_4)
FNDA:0,(anonymous_5)
FNDA:0,(anonymous_6)
FNDA:0,(anonymous_7)
FNDA:0,(anonymous_8)
FNDA:0,(anonymous_9)
DA:42,0
DA:44,0
DA:52,0
DA:54,0
DA:61,0
DA:63,0
DA:71,0
DA:72,0
DA:73,0
DA:74,0
DA:77,0
DA:78,0
DA:83,0
DA:84,0
DA:88,0
DA:90,0
DA:93,0
DA:97,0
DA:100,0
DA:103,0
DA:105,0
DA:110,0
DA:119,0
DA:120,0
DA:121,0
DA:123,0
LF:26
LH:0
BRDA:44,0,0,0
BRDA:44,0,1,0
BRDA:44,1,0,0
BRDA:44,1,1,0
BRDA:54,2,0,0
BRDA:54,2,1,0
BRDA:54,2,2,0
BRDA:54,2,3,0
BRDA:90,3,0,0
BRDA:90,3,1,0
BRDA:93,4,0,0
BRDA:93,4,1,0
BRDA:103,5,0,0
BRDA:103,5,1,0
BRDA:127,6,0,0
BRDA:127,6,1,0
BRDA:128,7,0,0
BRDA:128,7,1,0
BRDA:135,8,0,0
BRDA:135,8,1,0
BRDA:143,9,0,0
BRDA:143,9,1,0
BRDA:144,10,0,0
BRDA:144,10,1,0
BRF:24
BRH:0
end_of_record
TN:
SF:src\components\ItemCards.jsx
FN:28,ItemCards
FN:38,(anonymous_1)
FN:58,ItemCard
FN:60,(anonymous_3)
FN:81,(anonymous_4)
FNF:5
FNH:0
FNDA:0,ItemCards
FNDA:0,(anonymous_1)
FNDA:0,ItemCard
FNDA:0,(anonymous_3)
FNDA:0,(anonymous_4)
DA:35,0
DA:39,0
DA:60,0
DA:61,0
DA:65,0
DA:67,0
DA:82,0
LF:7
LH:0
BRDA:31,0,0,0
BRDA:32,1,0,0
BRDA:33,2,0,0
BRDA:40,3,0,0
BRDA:40,3,1,0
BRDA:40,3,2,0
BRDA:61,4,0,0
BRDA:61,4,1,0
BRDA:65,5,0,0
BRDA:65,5,1,0
BRDA:65,5,2,0
BRDA:70,6,0,0
BRDA:70,6,1,0
BRDA:86,7,0,0
BRDA:86,7,1,0
BRDA:87,8,0,0
BRDA:87,8,1,0
BRDA:94,9,0,0
BRDA:94,9,1,0
BRF:19
BRH:0
end_of_record
TN:
SF:src\components\ItemLeaderboard.jsx
FN:7,ItemLeaderboard
FN:26,(anonymous_1)
FN:33,(anonymous_2)
FN:38,(anonymous_3)
FN:124,(anonymous_4)
FN:129,(anonymous_5)
FN:130,(anonymous_6)
FN:161,(anonymous_7)
FN:166,(anonymous_8)
FN:167,(anonymous_9)
FN:198,(anonymous_10)
FNF:11
FNH:0
FNDA:0,ItemLeaderboard
FNDA:0,(anonymous_1)
FNDA:0,(anonymous_2)
FNDA:0,(anonymous_3)
FNDA:0,(anonymous_4)
FNDA:0,(anonymous_5)
FNDA:0,(anonymous_6)
FNDA:0,(anonymous_7)
FNDA:0,(anonymous_8)
FNDA:0,(anonymous_9)
FNDA:0,(anonymous_10)
DA:8,0
DA:9,0
DA:10,0
DA:12,0
DA:13,0
DA:20,0
DA:21,0
DA:26,0
DA:32,0
DA:34,0
DA:35,0
DA:36,0
DA:39,0
DA:40,0
DA:41,0
DA:45,0
DA:125,0
DA:129,0
DA:131,0
DA:132,0
DA:133,0
DA:134,0
DA:136,0
DA:139,0
DA:162,0
DA:166,0
DA:168,0
DA:169,0
DA:170,0
DA:171,0
DA:173,0
DA:176,0
DA:199,0
LF:33
LH:0
BRDA:12,0,0,0
BRDA:12,0,1,0
BRDA:20,1,0,0
BRDA:20,1,1,0
BRDA:34,2,0,0
BRDA:34,2,1,0
BRDA:36,3,0,0
BRDA:36,3,1,0
BRDA:36,4,0,0
BRDA:36,4,1,0
BRDA:36,5,0,0
BRDA:36,5,1,0
BRDA:39,6,0,0
BRDA:39,6,1,0
BRDA:40,7,0,0
BRDA:40,7,1,0
BRDA:41,8,0,0
BRDA:41,8,1,0
BRDA:131,9,0,0
BRDA:131,9,1,0
BRDA:131,10,0,0
BRDA:131,10,1,0
BRDA:136,11,0,0
BRDA:136,11,1,0
BRDA:143,12,0,0
BRDA:143,12,1,0
BRDA:145,13,0,0
BRDA:145,13,1,0
BRDA:168,14,0,0
BRDA:168,14,1,0
BRDA:168,15,0,0
BRDA:168,15,1,0
BRDA:173,16,0,0
BRDA:173,16,1,0
BRDA:180,17,0,0
BRDA:180,17,1,0
BRDA:181,18,0,0
BRDA:181,18,1,0
BRDA:186,19,0,0
BRDA:186,19,1,0
BRDA:188,20,0,0
BRDA:188,20,1,0
BRDA:212,21,0,0
BRDA:212,21,1,0
BRDA:221,22,0,0
BRDA:221,22,1,0
BRF:46
BRH:0
end_of_record
TN:
SF:src\components\LoadingSpinner.jsx
FN:4,LoadingSpinner
FN:22,ErrorMessage
FNF:2
FNH:0
FNDA:0,LoadingSpinner
FNDA:0,ErrorMessage
DA:5,0
DA:11,0
DA:23,0
LF:3
LH:0
BRDA:4,0,0,0
BRDA:4,1,0,0
BRDA:16,2,0,0
BRDA:16,2,1,0
BRDA:22,3,0,0
BRDA:29,4,0,0
BRDA:29,4,1,0
BRDA:32,5,0,0
BRDA:32,5,1,0
BRF:9
BRH:0
end_of_record
TN:
SF:src\components\Navigation.jsx
FN:6,getCurrentDateFormatted
FN:10,getYesterdayFormatted
FN:16,Navigation
FN:23,(anonymous_3)
FN:35,(anonymous_4)
FN:36,(anonymous_5)
FN:47,(anonymous_6)
FN:59,(anonymous_7)
FN:66,(anonymous_8)
FN:95,(anonymous_9)
FN:107,(anonymous_10)
FN:135,(anonymous_11)
FN:136,(anonymous_12)
FN:179,(anonymous_13)
FN:194,(anonymous_14)
FN:195,(anonymous_15)
FNF:16
FNH:0
FNDA:0,getCurrentDateFormatted
FNDA:0,getYesterdayFormatted
FNDA:0,Navigation
FNDA:0,(anonymous_3)
FNDA:0,(anonymous_4)
FNDA:0,(anonymous_5)
FNDA:0,(anonymous_6)
FNDA:0,(anonymous_7)
FNDA:0,(anonymous_8)
FNDA:0,(anonymous_9)
FNDA:0,(anonymous_10)
FNDA:0,(anonymous_11)
FNDA:0,(anonymous_12)
FNDA:0,(anonymous_13)
FNDA:0,(anonymous_14)
FNDA:0,(anonymous_15)
DA:7,0
DA:11,0
DA:12,0
DA:13,0
DA:16,0
DA:17,0
DA:18,0
DA:19,0
DA:20,0
DA:22,0
DA:23,0
DA:35,0
DA:36,0
DA:37,0
DA:43,0
DA:47,0
DA:48,0
DA:49,0
DA:50,0
DA:54,0
DA:55,0
DA:56,0
DA:59,0
DA:60,0
DA:61,0
DA:66,0
DA:67,0
DA:68,0
DA:69,0
DA:73,0
DA:95,0
DA:109,0
DA:111,0
DA:135,0
DA:137,0
DA:138,0
DA:181,0
DA:183,0
DA:194,0
DA:196,0
DA:197,0
DA:198,0
DA:201,0
DA:202,0
DA:204,0
DA:205,0
DA:207,0
DA:208,0
DA:210,0
DA:211,0
LF:50
LH:0
BRDA:37,0,0,0
BRDA:37,0,1,0
BRDA:38,1,0,0
BRDA:38,1,1,0
BRDA:38,1,2,0
BRDA:38,1,3,0
BRDA:48,2,0,0
BRDA:48,2,1,0
BRDA:48,3,0,0
BRDA:48,3,1,0
BRDA:54,4,0,0
BRDA:54,4,1,0
BRDA:67,5,0,0
BRDA:67,5,1,0
BRDA:109,6,0,0
BRDA:109,6,1,0
BRDA:110,7,0,0
BRDA:110,7,1,0
BRDA:116,8,0,0
BRDA:116,8,1,0
BRDA:120,9,0,0
BRDA:120,9,1,0
BRDA:137,10,0,0
BRDA:137,10,1,0
BRDA:137,11,0,0
BRDA:137,11,1,0
BRDA:146,12,0,0
BRDA:146,12,1,0
BRDA:170,13,0,0
BRDA:170,13,1,0
BRDA:181,14,0,0
BRDA:181,14,1,0
BRDA:182,15,0,0
BRDA:182,15,1,0
BRDA:188,16,0,0
BRDA:188,16,1,0
BRDA:190,17,0,0
BRDA:190,17,1,0
BRDA:196,18,0,0
BRDA:196,18,1,0
BRDA:201,19,0,0
BRDA:201,19,1,0
BRDA:207,20,0,0
BRDA:207,20,1,0
BRDA:214,21,0,0
BRDA:214,21,1,0
BRF:46
BRH:0
end_of_record
TN:
SF:src\components\NavigationCards.jsx
FN:26,NavigationCards
FN:30,(anonymous_1)
FN:46,NavigationCard
FNF:3
FNH:0
FNDA:0,NavigationCards
FNDA:0,(anonymous_1)
FNDA:0,NavigationCard
DA:27,0
DA:31,0
DA:60,0
DA:64,0
DA:80,0
DA:81,0
DA:89,0
DA:90,0
DA:103,0
LF:9
LH:0
BRDA:26,0,0,0
BRDA:51,1,0,0
BRDA:52,2,0,0
BRDA:53,3,0,0
BRDA:54,4,0,0
BRDA:55,5,0,0
BRDA:56,6,0,0
BRDA:57,7,0,0
BRDA:80,8,0,0
BRDA:80,8,1,0
BRDA:89,9,0,0
BRDA:89,9,1,0
BRF:12
BRH:0
end_of_record
TN:
SF:src\components\NetWorthChart.jsx
FN:45,NetWorthChart
FN:66,(anonymous_1)
FN:70,(anonymous_2)
FN:88,(anonymous_3)
FNF:4
FNH:0
FNDA:0,NetWorthChart
FNDA:0,(anonymous_1)
FNDA:0,(anonymous_2)
FNDA:0,(anonymous_3)
DA:46,0
DA:48,0
DA:49,0
DA:56,0
DA:57,0
DA:65,0
DA:66,0
DA:70,0
DA:72,0
DA:73,0
DA:79,0
DA:88,0
DA:89,0
DA:90,0
DA:91,0
DA:101,0
DA:104,0
LF:17
LH:0
BRDA:48,0,0,0
BRDA:48,0,1,0
BRDA:56,1,0,0
BRDA:56,1,1,0
BRDA:65,2,0,0
BRDA:65,2,1,0
BRDA:82,3,0,0
BRDA:82,3,1,0
BRDA:89,4,0,0
BRDA:89,4,1,0
BRDA:89,5,0,0
BRDA:89,5,1,0
BRDA:89,5,2,0
BRF:13
BRH:0
end_of_record
TN:
SF:src\components\SEO.jsx
FN:57,(anonymous_0)
FN:60,(anonymous_1)
FN:103,updateMetaTag
FN:117,updateCanonicalUrl
FNF:4
FNH:0
FNDA:0,(anonymous_0)
FNDA:0,(anonymous_1)
FNDA:0,updateMetaTag
FNDA:0,updateCanonicalUrl
DA:5,0
DA:57,0
DA:58,0
DA:60,0
DA:62,0
DA:65,0
DA:66,0
DA:67,0
DA:70,0
DA:73,0
DA:74,0
DA:75,0
DA:76,0
DA:77,0
DA:78,0
DA:81,0
DA:82,0
DA:84,0
DA:88,0
DA:89,0
DA:92,0
DA:99,0
DA:104,0
DA:106,0
DA:107,0
DA:109,0
DA:110,0
DA:111,0
DA:112,0
DA:118,0
DA:120,0
DA:121,0
DA:123,0
DA:124,0
DA:125,0
DA:126,0
LF:36
LH:0
BRDA:57,0,0,0
BRDA:62,1,0,0
BRDA:62,1,1,0
BRDA:65,2,0,0
BRDA:65,2,1,0
BRDA:66,3,0,0
BRDA:66,3,1,0
BRDA:67,4,0,0
BRDA:67,4,1,0
BRDA:81,5,0,0
BRDA:81,5,1,0
BRDA:106,6,0,0
BRDA:106,6,1,0
BRDA:120,7,0,0
BRDA:120,7,1,0
BRF:15
BRH:0
end_of_record
TN:
SF:src\components\SearchControls.jsx
FN:3,SearchControls
FN:21,(anonymous_1)
FN:31,(anonymous_2)
FN:39,(anonymous_3)
FN:57,ResultsCount
FNF:5
FNH:0
FNDA:0,SearchControls
FNDA:0,(anonymous_1)
FNDA:0,(anonymous_2)
FNDA:0,(anonymous_3)
FNDA:0,ResultsCount
DA:13,0
DA:21,0
DA:31,0
DA:39,0
DA:58,0
DA:59,0
LF:6
LH:0
BRDA:6,0,0,0
BRDA:9,1,0,0
BRDA:10,2,0,0
BRDA:11,3,0,0
BRDA:27,4,0,0
BRDA:27,4,1,0
BRDA:33,5,0,0
BRDA:33,5,1,0
BRDA:41,6,0,0
BRDA:41,6,1,0
BRDA:57,7,0,0
BRDA:58,8,0,0
BRDA:58,8,1,0
BRF:13
BRH:0
end_of_record
TN:
SF:src\components\SimpleChart.jsx
FN:4,SimpleBarChart
FN:12,(anonymous_1)
FN:18,(anonymous_2)
FN:45,SimpleLineChart
FN:57,(anonymous_4)
FN:58,(anonymous_5)
FN:59,(anonymous_6)
FN:60,(anonymous_7)
FN:61,(anonymous_8)
FN:62,(anonymous_9)
FN:63,(anonymous_10)
FN:64,(anonymous_11)
FNF:12
FNH:0
FNDA:0,SimpleBarChart
FNDA:0,(anonymous_1)
FNDA:0,(anonymous_2)
FNDA:0,SimpleLineChart
FNDA:0,(anonymous_4)
FNDA:0,(anonymous_5)
FNDA:0,(anonymous_6)
FNDA:0,(anonymous_7)
FNDA:0,(anonymous_8)
FNDA:0,(anonymous_9)
FNDA:0,(anonymous_10)
FNDA:0,(anonymous_11)
DA:10,0
DA:12,0
DA:14,0
DA:19,0
DA:51,0
DA:55,0
DA:56,0
DA:57,0
DA:58,0
DA:59,0
DA:60,0
DA:61,0
DA:62,0
DA:63,0
DA:64,0
LF:15
LH:0
BRDA:5,0,0,0
BRDA:6,1,0,0
BRDA:7,2,0,0
BRDA:8,3,0,0
BRDA:10,4,0,0
BRDA:10,4,1,0
BRDA:12,5,0,0
BRDA:12,5,1,0
BRDA:22,6,0,0
BRDA:22,6,1,0
BRDA:22,6,2,0
BRDA:24,7,0,0
BRDA:24,7,1,0
BRDA:24,7,2,0
BRDA:35,8,0,0
BRDA:35,8,1,0
BRDA:46,9,0,0
BRDA:47,10,0,0
BRDA:48,11,0,0
BRDA:49,12,0,0
BRF:20
BRH:0
end_of_record
TN:
SF:src\components\SortableTable.jsx
FN:3,SortableTable
FN:15,(anonymous_1)
FN:24,(anonymous_2)
FN:27,(anonymous_3)
FN:28,(anonymous_4)
FN:53,(anonymous_5)
FN:58,(anonymous_6)
FN:66,(anonymous_7)
FN:82,(anonymous_8)
FN:94,(anonymous_9)
FN:95,(anonymous_10)
FN:125,(anonymous_11)
FN:133,(anonymous_12)
FNF:13
FNH:0
FNDA:0,SortableTable
FNDA:0,(anonymous_1)
FNDA:0,(anonymous_2)
FNDA:0,(anonymous_3)
FNDA:0,(anonymous_4)
FNDA:0,(anonymous_5)
FNDA:0,(anonymous_6)
FNDA:0,(anonymous_7)
FNDA:0,(anonymous_8)
FNDA:0,(anonymous_9)
FNDA:0,(anonymous_10)
FNDA:0,(anonymous_11)
FNDA:0,(anonymous_12)
DA:12,0
DA:13,0
DA:15,0
DA:16,0
DA:17,0
DA:19,0
DA:20,0
DA:24,0
DA:25,0
DA:27,0
DA:28,0
DA:31,0
DA:32,0
DA:33,0
DA:35,0
DA:36,0
DA:40,0
DA:41,0
DA:42,0
DA:43,0
DA:47,0
DA:48,0
DA:49,0
DA:53,0
DA:54,0
DA:55,0
DA:58,0
DA:59,0
DA:60,0
DA:62,0
DA:63,0
DA:66,0
DA:67,0
DA:68,0
DA:69,0
DA:73,0
DA:83,0
DA:84,0
DA:86,0
DA:94,0
DA:95,0
DA:126,0
DA:134,0
LF:43
LH:0
BRDA:6,0,0,0
BRDA:7,1,0,0
BRDA:8,2,0,0
BRDA:9,3,0,0
BRDA:10,4,0,0
BRDA:16,5,0,0
BRDA:16,5,1,0
BRDA:17,6,0,0
BRDA:17,6,1,0
BRDA:25,7,0,0
BRDA:25,7,1,0
BRDA:25,8,0,0
BRDA:25,8,1,0
BRDA:31,9,0,0
BRDA:31,9,1,0
BRDA:40,10,0,0
BRDA:40,10,1,0
BRDA:43,11,0,0
BRDA:43,11,1,0
BRDA:47,12,0,0
BRDA:47,12,1,0
BRDA:48,13,0,0
BRDA:48,13,1,0
BRDA:49,14,0,0
BRDA:49,14,1,0
BRDA:54,15,0,0
BRDA:54,15,1,0
BRDA:55,16,0,0
BRDA:55,16,1,0
BRDA:59,17,0,0
BRDA:59,17,1,0
BRDA:62,18,0,0
BRDA:62,18,1,0
BRDA:67,19,0,0
BRDA:67,19,1,0
BRDA:67,20,0,0
BRDA:67,20,1,0
BRDA:78,21,0,0
BRDA:78,21,1,0
BRDA:90,22,0,0
BRDA:90,22,1,0
BRDA:91,23,0,0
BRDA:91,23,1,0
BRDA:92,24,0,0
BRDA:92,24,1,0
BRDA:94,25,0,0
BRDA:94,25,1,0
BRDA:95,26,0,0
BRDA:95,26,1,0
BRDA:97,27,0,0
BRDA:97,27,1,0
BRDA:99,28,0,0
BRDA:99,28,1,0
BRDA:101,29,0,0
BRDA:101,29,1,0
BRDA:105,30,0,0
BRDA:105,30,1,0
BRDA:109,31,0,0
BRDA:109,31,1,0
BRDA:111,32,0,0
BRDA:111,32,1,0
BRDA:114,33,0,0
BRDA:114,33,1,0
BRDA:124,34,0,0
BRDA:124,34,1,0
BRDA:127,35,0,0
BRDA:127,35,1,0
BRDA:130,36,0,0
BRDA:130,36,1,0
BRDA:137,37,0,0
BRDA:137,37,1,0
BRDA:139,38,0,0
BRDA:139,38,1,0
BRF:73
BRH:0
end_of_record
TN:
SF:src\components\SummaryCards.jsx
FN:30,SummaryCards
FN:34,(anonymous_1)
FN:49,SummaryCard
FNF:3
FNH:0
FNDA:0,SummaryCards
FNDA:0,(anonymous_1)
FNDA:0,SummaryCard
DA:31,0
DA:35,0
DA:59,0
DA:68,0
DA:76,0
LF:5
LH:0
BRDA:30,0,0,0
BRDA:30,1,0,0
BRDA:55,2,0,0
BRDA:56,3,0,0
BRDA:79,4,0,0
BRDA:79,4,1,0
BRDA:88,5,0,0
BRDA:88,5,1,0
BRDA:91,6,0,0
BRDA:91,6,1,0
BRF:10
BRH:0
end_of_record
TN:
SF:src\components\WeekdayPerformanceChart.jsx
FN:39,WeekdayPerformanceChart
FN:63,(anonymous_1)
FN:64,(anonymous_2)
FN:93,(anonymous_3)
FN:114,(anonymous_4)
FN:118,(anonymous_5)
FN:122,(anonymous_6)
FN:127,(anonymous_7)
FN:187,(anonymous_8)
FNF:9
FNH:0
FNDA:0,WeekdayPerformanceChart
FNDA:0,(anonymous_1)
FNDA:0,(anonymous_2)
FNDA:0,(anonymous_3)
FNDA:0,(anonymous_4)
FNDA:0,(anonymous_5)
FNDA:0,(anonymous_6)
FNDA:0,(anonymous_7)
FNDA:0,(anonymous_8)
DA:40,0
DA:42,0
DA:43,0
DA:50,0
DA:51,0
DA:59,0
DA:60,0
DA:62,0
DA:63,0
DA:66,0
DA:67,0
DA:68,0
DA:71,0
DA:73,0
DA:74,0
DA:75,0
DA:78,0
DA:85,0
DA:86,0
DA:87,0
DA:88,0
DA:92,0
DA:94,0
DA:95,0
DA:96,0
DA:105,0
DA:114,0
DA:117,0
DA:118,0
DA:121,0
DA:122,0
DA:127,0
DA:128,0
DA:129,0
DA:130,0
DA:148,0
DA:151,0
DA:187,0
LF:38
LH:0
BRDA:42,0,0,0
BRDA:42,0,1,0
BRDA:50,1,0,0
BRDA:50,1,1,0
BRDA:73,2,0,0
BRDA:73,2,1,0
BRDA:95,3,0,0
BRDA:95,3,1,0
BRDA:95,4,0,0
BRDA:95,4,1,0
BRDA:118,5,0,0
BRDA:118,5,1,0
BRDA:119,6,0,0
BRDA:119,6,1,0
BRDA:122,7,0,0
BRDA:122,7,1,0
BRDA:123,8,0,0
BRDA:123,8,1,0
BRDA:128,9,0,0
BRDA:128,9,1,0
BRDA:128,10,0,0
BRDA:128,10,1,0
BRDA:128,10,2,0
BRDA:143,11,0,0
BRDA:143,11,1,0
BRDA:161,12,0,0
BRDA:161,12,1,0
BRF:27
BRH:0
end_of_record
TN:
SF:src\components\StrategyBattle\ItemBreakdown.jsx
FN:8,ItemBreakdown
FN:37,(anonymous_1)
FN:44,(anonymous_2)
FN:57,(anonymous_3)
FN:112,(anonymous_4)
FNF:5
FNH:0
FNDA:0,ItemBreakdown
FNDA:0,(anonymous_1)
FNDA:0,(anonymous_2)
FNDA:0,(anonymous_3)
FNDA:0,(anonymous_4)
DA:9,0
DA:11,0
DA:26,0
DA:28,0
DA:29,0
DA:36,0
DA:37,0
DA:39,0
DA:44,0
DA:58,0
DA:59,0
DA:61,0
DA:112,0
LF:13
LH:0
BRDA:26,0,0,0
BRDA:26,0,1,0
BRDA:28,1,0,0
BRDA:28,1,1,0
BRDA:28,2,0,0
BRDA:28,2,1,0
BRDA:36,3,0,0
BRDA:36,3,1,0
BRDA:51,4,0,0
BRDA:51,4,1,0
BRDA:59,5,0,0
BRDA:59,5,1,0
BRDA:68,6,0,0
BRDA:68,6,1,0
BRDA:77,7,0,0
BRDA:77,7,1,0
BRDA:83,8,0,0
BRDA:83,8,1,0
BRDA:85,9,0,0
BRDA:85,9,1,0
BRDA:87,10,0,0
BRDA:87,10,1,0
BRDA:99,11,0,0
BRDA:99,11,1,0
BRDA:109,12,0,0
BRDA:109,12,1,0
BRDA:109,12,2,0
BRDA:120,13,0,0
BRDA:120,13,1,0
BRDA:120,13,2,0
BRF:30
BRH:0
end_of_record
TN:
SF:src\components\StrategyBattle\StrategyCard.jsx
FN:8,StrategyCard
FNF:1
FNH:0
FNDA:0,StrategyCard
DA:9,0
DA:10,0
DA:17,0
DA:38,0
DA:40,0
LF:5
LH:0
BRDA:8,0,0,0
BRDA:8,1,0,0
BRDA:9,2,0,0
BRDA:9,2,1,0
BRDA:38,3,0,0
BRDA:38,3,1,0
BRDA:38,4,0,0
BRDA:38,4,1,0
BRDA:48,5,0,0
BRDA:48,5,1,0
BRDA:104,6,0,0
BRDA:104,6,1,0
BRF:12
BRH:0
end_of_record
TN:
SF:src\components\StrategyBattle\StrategyComparison.jsx
FN:9,StrategyComparison
FNF:1
FNH:0
FNDA:0,StrategyComparison
DA:15,0
DA:16,0
DA:23,0
DA:25,0
DA:29,0
LF:5
LH:0
BRDA:15,0,0,0
BRDA:15,0,1,0
BRDA:15,1,0,0
BRDA:15,1,1,0
BRDA:25,2,0,0
BRDA:25,2,1,0
BRDA:39,3,0,0
BRDA:39,3,1,0
BRF:8
BRH:0
end_of_record
TN:
SF:src\components\layouts\CardContainer.jsx
FN:33,(anonymous_0)
FNF:1
FNH:0
FNDA:0,(anonymous_0)
DA:33,0
DA:39,0
DA:45,0
DA:47,0
DA:56,0
LF:5
LH:0
BRDA:35,0,0,0
BRDA:36,1,0,0
BRDA:37,2,0,0
BRDA:45,3,0,0
BRDA:45,3,1,0
BRF:5
BRH:0
end_of_record
TN:
SF:src\components\layouts\ErrorLayout.jsx
FN:36,(anonymous_0)
FNF:1
FNH:0
FNDA:0,(anonymous_0)
DA:36,0
DA:42,0
DA:55,0
LF:3
LH:0
BRDA:37,0,0,0
BRDA:40,1,0,0
BRF:2
BRH:0
end_of_record
TN:
SF:src\components\layouts\LoadingLayout.jsx
FN:35,(anonymous_0)
FNF:1
FNH:0
FNDA:0,(anonymous_0)
DA:35,0
DA:40,0
DA:49,0
LF:3
LH:0
BRDA:36,0,0,0
BRDA:37,1,0,0
BRDA:38,2,0,0
BRF:3
BRH:0
end_of_record
TN:
SF:src\components\layouts\PageContainer.jsx
FN:32,(anonymous_0)
FNF:1
FNH:0
FNDA:0,(anonymous_0)
DA:32,0
DA:33,0
DA:39,0
DA:50,0
LF:4
LH:0
BRDA:32,0,0,0
BRDA:32,1,0,0
BRF:2
BRH:0
end_of_record
TN:
SF:src\components\layouts\PageHeader.jsx
FN:35,(anonymous_0)
FNF:1
FNH:0
FNDA:0,(anonymous_0)
DA:35,0
DA:43,0
DA:45,0
DA:47,0
DA:61,0
LF:5
LH:0
BRDA:39,0,0,0
BRDA:40,1,0,0
BRDA:45,2,0,0
BRDA:45,2,1,0
BRDA:52,3,0,0
BRDA:52,3,1,0
BRF:6
BRH:0
end_of_record
TN:
SF:src\components\layouts\ResponsiveGrid.jsx
FN:33,(anonymous_0)
FNF:1
FNH:0
FNDA:0,(anonymous_0)
DA:33,0
DA:40,0
DA:64,0
DA:72,0
DA:73,0
DA:75,0
DA:84,0
LF:7
LH:0
BRDA:35,0,0,0
BRDA:36,1,0,0
BRDA:37,2,0,0
BRDA:73,3,0,0
BRDA:73,3,1,0
BRF:5
BRH:0
end_of_record
TN:
SF:src\components\layouts\index.js
FNF:0
FNH:0
LF:0
LH:0
BRF:0
BRH:0
end_of_record
TN:
SF:src\hooks\useAllFlips.js
FN:5,fetchAllFlips
FN:8,(anonymous_1)
FN:28,(anonymous_2)
FN:33,(anonymous_3)
FN:34,(anonymous_4)
FN:40,(anonymous_5)
FN:56,useAllFlips
FN:65,(anonymous_7)
FN:66,(anonymous_8)
FN:85,(anonymous_9)
FN:88,(anonymous_10)
FN:101,(anonymous_11)
FN:104,(anonymous_12)
FN:120,(anonymous_13)
FNF:14
FNH:0
FNDA:0,fetchAllFlips
FNDA:0,(anonymous_1)
FNDA:0,(anonymous_2)
FNDA:0,(anonymous_3)
FNDA:0,(anonymous_4)
FNDA:0,(anonymous_5)
FNDA:0,useAllFlips
FNDA:0,(anonymous_7)
FNDA:0,(anonymous_8)
FNDA:0,(anonymous_9)
FNDA:0,(anonymous_10)
FNDA:0,(anonymous_11)
FNDA:0,(anonymous_12)
FNDA:0,(anonymous_13)
DA:6,0
DA:8,0
DA:9,0
DA:10,0
DA:12,0
DA:13,0
DA:14,0
DA:15,0
DA:16,0
DA:19,0
DA:22,0
DA:23,0
DA:24,0
DA:28,0
DA:29,0
DA:33,0
DA:35,0
DA:36,0
DA:38,0
DA:41,0
DA:42,0
DA:47,0
DA:48,0
DA:52,0
DA:53,0
DA:57,0
DA:58,0
DA:59,0
DA:60,0
DA:61,0
DA:62,0
DA:65,0
DA:66,0
DA:67,0
DA:68,0
DA:69,0
DA:70,0
DA:71,0
DA:72,0
DA:73,0
DA:75,0
DA:77,0
DA:81,0
DA:85,0
DA:86,0
DA:87,0
DA:90,0
DA:91,0
DA:92,0
DA:93,0
DA:95,0
DA:101,0
DA:102,0
DA:104,0
DA:105,0
DA:106,0
DA:107,0
DA:108,0
DA:109,0
DA:111,0
DA:113,0
DA:117,0
DA:120,0
DA:121,0
DA:122,0
DA:123,0
DA:124,0
DA:125,0
DA:126,0
DA:128,0
DA:130,0
DA:135,0
LF:72
LH:0
BRDA:6,0,0,0
BRDA:6,0,1,0
BRDA:14,1,0,0
BRDA:14,1,1,0
BRDA:22,2,0,0
BRDA:22,2,1,0
BRDA:35,3,0,0
BRDA:35,3,1,0
BRDA:38,4,0,0
BRDA:38,4,1,0
BRDA:70,5,0,0
BRDA:70,5,1,0
BRDA:86,6,0,0
BRDA:86,6,1,0
BRDA:91,7,0,0
BRDA:91,7,1,0
BRDA:91,8,0,0
BRDA:91,8,1,0
BRDA:102,9,0,0
BRDA:102,9,1,0
BRDA:121,10,0,0
BRDA:121,10,1,0
BRDA:137,11,0,0
BRDA:137,11,1,0
BRDA:138,12,0,0
BRDA:138,12,1,0
BRDA:140,13,0,0
BRDA:140,13,1,0
BRF:28
BRH:0
end_of_record
TN:
SF:src\hooks\useAllFlipsPaginated.js
FN:12,fetchFlipsBatch
FN:27,(anonymous_1)
FN:47,(anonymous_2)
FN:52,(anonymous_3)
FN:53,(anonymous_4)
FN:58,(anonymous_5)
FN:65,(anonymous_6)
FN:97,useAllFlipsPaginated
FN:111,(anonymous_8)
FN:114,(anonymous_9)
FN:134,(anonymous_10)
FN:140,(anonymous_11)
FN:142,(anonymous_12)
FN:154,(anonymous_13)
FN:163,(anonymous_14)
FN:169,(anonymous_15)
FN:193,(anonymous_16)
FNF:17
FNH:0
FNDA:0,fetchFlipsBatch
FNDA:0,(anonymous_1)
FNDA:0,(anonymous_2)
FNDA:0,(anonymous_3)
FNDA:0,(anonymous_4)
FNDA:0,(anonymous_5)
FNDA:0,(anonymous_6)
FNDA:0,useAllFlipsPaginated
FNDA:0,(anonymous_8)
FNDA:0,(anonymous_9)
FNDA:0,(anonymous_10)
FNDA:0,(anonymous_11)
FNDA:0,(anonymous_12)
FNDA:0,(anonymous_13)
FNDA:0,(anonymous_14)
FNDA:0,(anonymous_15)
FNDA:0,(anonymous_16)
DA:9,0
DA:10,0
DA:13,0
DA:15,0
DA:16,0
DA:19,0
DA:20,0
DA:21,0
DA:24,0
DA:26,0
DA:27,0
DA:28,0
DA:29,0
DA:31,0
DA:32,0
DA:33,0
DA:34,0
DA:35,0
DA:38,0
DA:41,0
DA:42,0
DA:43,0
DA:47,0
DA:48,0
DA:52,0
DA:54,0
DA:55,0
DA:58,0
DA:63,0
DA:66,0
DA:67,0
DA:72,0
DA:73,0
DA:77,0
DA:78,0
DA:81,0
DA:82,0
DA:84,0
DA:88,0
DA:101,0
DA:108,0
DA:111,0
DA:112,0
DA:113,0
DA:116,0
DA:123,0
DA:124,0
DA:132,0
DA:134,0
DA:140,0
DA:141,0
DA:142,0
DA:144,0
DA:145,0
DA:148,0
DA:154,0
DA:155,0
DA:157,0
DA:158,0
DA:163,0
DA:164,0
DA:165,0
DA:169,0
DA:170,0
DA:172,0
DA:175,0
DA:176,0
DA:178,0
DA:179,0
DA:180,0
DA:181,0
DA:184,0
DA:187,0
DA:188,0
DA:190,0
DA:193,0
DA:194,0
DA:195,0
DA:198,0
LF:79
LH:0
BRDA:12,0,0,0
BRDA:12,1,0,0
BRDA:13,2,0,0
BRDA:13,2,1,0
BRDA:33,3,0,0
BRDA:33,3,1,0
BRDA:41,4,0,0
BRDA:41,4,1,0
BRDA:54,5,0,0
BRDA:54,5,1,0
BRDA:58,6,0,0
BRDA:58,6,1,0
BRDA:97,7,0,0
BRDA:99,8,0,0
BRDA:100,9,0,0
BRDA:112,10,0,0
BRDA:112,10,1,0
BRDA:141,11,0,0
BRDA:141,11,1,0
BRDA:144,12,0,0
BRDA:144,12,1,0
BRDA:155,13,0,0
BRDA:155,13,1,0
BRDA:155,14,0,0
BRDA:155,14,1,0
BRDA:155,14,2,0
BRDA:157,15,0,0
BRDA:157,15,1,0
BRDA:157,16,0,0
BRDA:157,16,1,0
BRDA:164,17,0,0
BRDA:164,17,1,0
BRDA:164,18,0,0
BRDA:164,18,1,0
BRDA:170,19,0,0
BRDA:170,19,1,0
BRDA:200,20,0,0
BRDA:200,20,1,0
BRDA:200,20,2,0
BRDA:201,21,0,0
BRDA:201,21,1,0
BRDA:205,22,0,0
BRDA:205,22,1,0
BRDA:209,23,0,0
BRDA:209,23,1,0
BRDA:212,24,0,0
BRDA:212,24,1,0
BRDA:213,25,0,0
BRDA:213,25,1,0
BRDA:215,26,0,0
BRDA:215,26,1,0
BRDA:215,27,0,0
BRDA:215,27,1,0
BRF:53
BRH:0
end_of_record
TN:
SF:src\hooks\useApiData.ts
FN:27,getCacheInstance
FN:43,fetchApiData
FN:85,(anonymous_2)
FN:90,(anonymous_3)
FN:92,(anonymous_4)
FN:100,(anonymous_5)
FN:158,useApiData
FN:176,(anonymous_7)
FN:195,useCsvData
FN:205,useJsonData
FN:215,useTextData
FN:225,useBatchApiData
FN:235,(anonymous_12)
FN:237,(anonymous_13)
FN:238,(anonymous_14)
FN:239,(anonymous_15)
FN:242,(anonymous_16)
FN:245,(anonymous_17)
FN:246,(anonymous_18)
FN:261,useRobustApiData
FN:276,(anonymous_20)
FN:283,(anonymous_21)
FN:284,(anonymous_22)
FN:301,useInfiniteApiData
FNF:24
FNH:0
FNDA:0,getCacheInstance
FNDA:0,fetchApiData
FNDA:0,(anonymous_2)
FNDA:0,(anonymous_3)
FNDA:0,(anonymous_4)
FNDA:0,(anonymous_5)
FNDA:0,useApiData
FNDA:0,(anonymous_7)
FNDA:0,useCsvData
FNDA:0,useJsonData
FNDA:0,useTextData
FNDA:0,useBatchApiData
FNDA:0,(anonymous_12)
FNDA:0,(anonymous_13)
FNDA:0,(anonymous_14)
FNDA:0,(anonymous_15)
FNDA:0,(anonymous_16)
FNDA:0,(anonymous_17)
FNDA:0,(anonymous_18)
FNDA:0,useRobustApiData
FNDA:0,(anonymous_20)
FNDA:0,(anonymous_21)
FNDA:0,(anonymous_22)
FNDA:0,useInfiniteApiData
DA:28,0
DA:29,0
DA:31,0
DA:32,0
DA:34,0
DA:35,0
DA:37,0
DA:50,0
DA:53,0
DA:56,0
DA:57,0
DA:58,0
DA:60,0
DA:61,0
DA:62,0
DA:66,0
DA:67,0
DA:69,0
DA:70,0
DA:75,0
DA:77,0
DA:80,0
DA:81,0
DA:82,0
DA:85,0
DA:86,0
DA:90,0
DA:93,0
DA:94,0
DA:97,0
DA:98,0
DA:101,0
DA:102,0
DA:109,0
DA:110,0
DA:115,0
DA:116,0
DA:120,0
DA:123,0
DA:124,0
DA:127,0
DA:128,0
DA:129,0
DA:131,0
DA:132,0
DA:134,0
DA:135,0
DA:137,0
DA:138,0
DA:142,0
DA:143,0
DA:144,0
DA:148,0
DA:150,0
DA:151,0
DA:167,0
DA:174,0
DA:176,0
DA:184,0
DA:199,0
DA:209,0
DA:219,0
DA:235,0
DA:237,0
DA:238,0
DA:239,0
DA:240,0
DA:242,0
DA:243,0
DA:245,0
DA:246,0
DA:249,0
DA:272,0
DA:274,0
DA:277,0
DA:279,0
DA:281,0
DA:283,0
DA:284,0
DA:291,0
DA:311,0
LF:81
LH:0
BRDA:28,0,0,0
BRDA:28,0,1,0
BRDA:28,1,0,0
BRDA:28,1,1,0
BRDA:31,2,0,0
BRDA:31,2,1,0
BRDA:31,3,0,0
BRDA:31,3,1,0
BRDA:34,4,0,0
BRDA:34,4,1,0
BRDA:43,5,0,0
BRDA:45,6,0,0
BRDA:47,7,0,0
BRDA:48,8,0,0
BRDA:53,9,0,0
BRDA:53,9,1,0
BRDA:56,10,0,0
BRDA:56,10,1,0
BRDA:60,11,0,0
BRDA:60,11,1,0
BRDA:69,12,0,0
BRDA:69,12,1,0
BRDA:75,13,0,0
BRDA:75,13,1,0
BRDA:75,13,2,0
BRDA:75,13,3,0
BRDA:80,14,0,0
BRDA:80,14,1,0
BRDA:93,15,0,0
BRDA:93,15,1,0
BRDA:97,16,0,0
BRDA:97,16,1,0
BRDA:98,17,0,0
BRDA:98,17,1,0
BRDA:120,18,0,0
BRDA:120,18,1,0
BRDA:123,19,0,0
BRDA:123,19,1,0
BRDA:128,20,0,0
BRDA:128,20,1,0
BRDA:129,21,0,0
BRDA:129,21,1,0
BRDA:129,21,2,0
BRDA:131,22,0,0
BRDA:131,22,1,0
BRDA:134,23,0,0
BRDA:134,23,1,0
BRDA:142,24,0,0
BRDA:142,24,1,0
BRDA:158,25,0,0
BRDA:160,26,0,0
BRDA:161,27,0,0
BRDA:162,28,0,0
BRDA:163,29,0,0
BRDA:164,30,0,0
BRDA:165,31,0,0
BRDA:170,32,0,0
BRDA:170,33,0,0
BRDA:170,33,1,0
BRDA:177,34,0,0
BRDA:177,34,1,0
BRDA:187,35,0,0
BRDA:187,35,1,0
BRDA:197,36,0,0
BRDA:207,37,0,0
BRDA:217,38,0,0
BRDA:227,39,0,0
BRDA:240,40,0,0
BRDA:240,40,1,0
BRDA:243,41,0,0
BRDA:243,41,1,0
BRDA:263,42,0,0
BRDA:272,43,0,0
BRDA:272,44,0,0
BRDA:272,45,0,0
BRDA:277,46,0,0
BRDA:277,46,1,0
BRDA:279,47,0,0
BRDA:279,47,1,0
BRDA:303,48,0,0
BRF:80
BRH:0
end_of_record
TN:
SF:src\hooks\useCsvData.js
FN:5,useCsvData
FNF:1
FNH:0
FNDA:0,useCsvData
DA:6,0
LF:1
LH:0
BRF:0
BRH:0
end_of_record
TN:
SF:src\hooks\useDailySummaries.js
FN:5,(anonymous_0)
FN:5,(anonymous_1)
FN:7,fetchDailySummaries
FN:23,(anonymous_3)
FN:42,(anonymous_4)
FN:61,(anonymous_5)
FN:65,useDailySummaries
FN:70,(anonymous_7)
FN:83,(anonymous_8)
FNF:9
FNH:0
FNDA:0,(anonymous_0)
FNDA:0,(anonymous_1)
FNDA:0,fetchDailySummaries
FNDA:0,(anonymous_3)
FNDA:0,(anonymous_4)
FNDA:0,(anonymous_5)
FNDA:0,useDailySummaries
FNDA:0,(anonymous_7)
FNDA:0,(anonymous_8)
DA:5,0
DA:9,0
DA:10,0
DA:11,0
DA:13,0
DA:16,0
DA:17,0
DA:19,0
DA:20,0
DA:23,0
DA:24,0
DA:25,0
DA:26,0
DA:27,0
DA:29,0
DA:32,0
DA:36,0
DA:37,0
DA:39,0
DA:40,0
DA:42,0
DA:43,0
DA:44,0
DA:45,0
DA:47,0
DA:48,0
DA:51,0
DA:52,0
DA:55,0
DA:56,0
DA:61,0
DA:62,0
DA:66,0
DA:67,0
DA:68,0
DA:70,0
DA:71,0
DA:72,0
DA:73,0
DA:74,0
DA:75,0
DA:77,0
DA:79,0
DA:83,0
DA:84,0
DA:87,0
LF:46
LH:0
BRDA:10,0,0,0
BRDA:10,0,1,0
BRDA:17,1,0,0
BRDA:17,1,1,0
BRDA:20,2,0,0
BRDA:20,2,1,0
BRDA:20,3,0,0
BRDA:20,3,1,0
BRDA:25,4,0,0
BRDA:25,4,1,0
BRDA:25,5,0,0
BRDA:25,5,1,0
BRDA:44,6,0,0
BRDA:44,6,1,0
BRDA:55,7,0,0
BRDA:55,7,1,0
BRF:16
BRH:0
end_of_record
TN:
SF:src\hooks\useJsonData.js
FN:5,useJsonData
FNF:1
FNH:0
FNDA:0,useJsonData
DA:6,0
LF:1
LH:0
BRF:0
BRH:0
end_of_record
TN:
SF:src\hooks\useSimpleData.js
FN:4,useSimpleData
FN:9,(anonymous_1)
FN:16,fetchData
FN:27,(anonymous_3)
FN:31,(anonymous_4)
FN:34,(anonymous_5)
FN:53,(anonymous_6)
FN:63,(anonymous_7)
FN:63,(anonymous_8)
FN:83,(anonymous_9)
FN:91,useJsonData
FN:95,useCsvData
FNF:12
FNH:0
FNDA:0,useSimpleData
FNDA:0,(anonymous_1)
FNDA:0,fetchData
FNDA:0,(anonymous_3)
FNDA:0,(anonymous_4)
FNDA:0,(anonymous_5)
FNDA:0,(anonymous_6)
FNDA:0,(anonymous_7)
FNDA:0,(anonymous_8)
FNDA:0,(anonymous_9)
FNDA:0,useJsonData
FNDA:0,useCsvData
DA:5,0
DA:6,0
DA:7,0
DA:9,0
DA:10,0
DA:12,0
DA:13,0
DA:14,0
DA:17,0
DA:18,0
DA:19,0
DA:20,0
DA:24,0
DA:25,0
DA:27,0
DA:28,0
DA:29,0
DA:31,0
DA:32,0
DA:35,0
DA:36,0
DA:37,0
DA:39,0
DA:40,0
DA:41,0
DA:42,0
DA:43,0
DA:44,0
DA:45,0
DA:47,0
DA:50,0
DA:52,0
DA:53,0
DA:54,0
DA:56,0
DA:57,0
DA:59,0
DA:61,0
DA:63,0
DA:66,0
DA:69,0
DA:70,0
DA:71,0
DA:74,0
DA:75,0
DA:76,0
DA:81,0
DA:83,0
DA:84,0
DA:88,0
DA:92,0
DA:96,0
LF:52
LH:0
BRDA:10,0,0,0
BRDA:10,0,1,0
BRDA:19,1,0,0
BRDA:19,1,1,0
BRDA:24,2,0,0
BRDA:24,2,1,0
BRDA:28,3,0,0
BRDA:28,3,1,0
BRDA:41,4,0,0
BRDA:41,4,1,0
BRDA:43,5,0,0
BRDA:43,5,1,0
BRDA:43,6,0,0
BRDA:43,6,1,0
BRDA:54,7,0,0
BRDA:54,7,1,0
BRDA:56,8,0,0
BRDA:56,8,1,0
BRDA:56,9,0,0
BRDA:56,9,1,0
BRDA:56,9,2,0
BRDA:63,10,0,0
BRDA:63,10,1,0
BRDA:69,11,0,0
BRDA:69,11,1,0
BRDA:74,12,0,0
BRDA:74,12,1,0
BRF:27
BRH:0
end_of_record
TN:
SF:src\hooks\useStrategyAnalysis.js
FN:13,useStrategyAnalysis
FN:14,(anonymous_1)
FN:64,(anonymous_2)
FN:80,(anonymous_3)
FN:113,(anonymous_4)
FN:115,(anonymous_5)
FN:129,(anonymous_6)
FN:131,(anonymous_7)
FN:134,(anonymous_8)
FN:150,(anonymous_9)
FN:151,(anonymous_10)
FN:152,(anonymous_11)
FN:153,(anonymous_12)
FN:155,(anonymous_13)
FN:155,(anonymous_14)
FNF:15
FNH:0
FNDA:0,useStrategyAnalysis
FNDA:0,(anonymous_1)
FNDA:0,(anonymous_2)
FNDA:0,(anonymous_3)
FNDA:0,(anonymous_4)
FNDA:0,(anonymous_5)
FNDA:0,(anonymous_6)
FNDA:0,(anonymous_7)
FNDA:0,(anonymous_8)
FNDA:0,(anonymous_9)
FNDA:0,(anonymous_10)
FNDA:0,(anonymous_11)
FNDA:0,(anonymous_12)
FNDA:0,(anonymous_13)
FNDA:0,(anonymous_14)
DA:7,0
DA:8,0
DA:14,0
DA:15,0
DA:16,0
DA:26,0
DA:27,0
DA:28,0
DA:37,0
DA:38,0
DA:39,0
DA:42,0
DA:43,0
DA:52,0
DA:53,0
DA:63,0
DA:64,0
DA:67,0
DA:68,0
DA:78,0
DA:80,0
DA:81,0
DA:82,0
DA:83,0
DA:84,0
DA:87,0
DA:88,0
DA:89,0
DA:91,0
DA:92,0
DA:103,0
DA:104,0
DA:105,0
DA:106,0
DA:107,0
DA:108,0
DA:109,0
DA:113,0
DA:114,0
DA:115,0
DA:117,0
DA:129,0
DA:131,0
DA:134,0
DA:135,0
DA:136,0
DA:150,0
DA:151,0
DA:152,0
DA:153,0
DA:154,0
DA:155,0
DA:159,0
DA:173,0
DA:179,0
DA:186,0
DA:187,0
DA:188,0
DA:192,0
LF:59
LH:0
BRDA:15,0,0,0
BRDA:15,0,1,0
BRDA:15,1,0,0
BRDA:15,1,1,0
BRDA:26,2,0,0
BRDA:26,2,1,0
BRDA:27,3,0,0
BRDA:27,3,1,0
BRDA:27,4,0,0
BRDA:27,4,1,0
BRDA:27,4,2,0
BRDA:42,5,0,0
BRDA:42,5,1,0
BRDA:52,6,0,0
BRDA:52,6,1,0
BRDA:64,7,0,0
BRDA:64,7,1,0
BRDA:64,7,2,0
BRDA:67,8,0,0
BRDA:67,8,1,0
BRDA:81,9,0,0
BRDA:81,9,1,0
BRDA:82,10,0,0
BRDA:82,10,1,0
BRDA:83,11,0,0
BRDA:83,11,1,0
BRDA:84,12,0,0
BRDA:84,12,1,0
BRDA:91,13,0,0
BRDA:91,13,1,0
BRDA:124,14,0,0
BRDA:124,14,1,0
BRDA:135,15,0,0
BRDA:135,15,1,0
BRDA:163,16,0,0
BRDA:163,16,1,0
BRDA:165,17,0,0
BRDA:165,17,1,0
BRDA:167,18,0,0
BRDA:167,18,1,0
BRDA:168,19,0,0
BRDA:168,19,1,0
BRDA:187,20,0,0
BRDA:187,20,1,0
BRDA:187,21,0,0
BRDA:187,21,1,0
BRDA:189,22,0,0
BRDA:189,22,1,0
BRF:48
BRH:0
end_of_record
TN:
SF:src\hooks\useVirtualScroll.js
FN:4,useVirtualScroll
FN:15,(anonymous_1)
FN:26,(anonymous_2)
FN:27,(anonymous_3)
FN:40,(anonymous_4)
FN:45,(anonymous_5)
FN:82,useInfiniteScroll
FN:90,(anonymous_7)
FN:101,(anonymous_8)
FN:105,(anonymous_9)
FN:108,(anonymous_10)
FNF:11
FNH:0
FNDA:0,useVirtualScroll
FNDA:0,(anonymous_1)
FNDA:0,(anonymous_2)
FNDA:0,(anonymous_3)
FNDA:0,(anonymous_4)
FNDA:0,(anonymous_5)
FNDA:0,useInfiniteScroll
FNDA:0,(anonymous_7)
FNDA:0,(anonymous_8)
FNDA:0,(anonymous_9)
FNDA:0,(anonymous_10)
DA:10,0
DA:11,0
DA:13,0
DA:15,0
DA:16,0
DA:17,0
DA:18,0
DA:20,0
DA:26,0
DA:27,0
DA:40,0
DA:41,0
DA:44,0
DA:46,0
DA:47,0
DA:48,0
DA:49,0
DA:55,0
DA:64,0
DA:71,0
DA:88,0
DA:90,0
DA:91,0
DA:93,0
DA:94,0
DA:96,0
DA:97,0
DA:101,0
DA:102,0
DA:104,0
DA:105,0
DA:108,0
DA:109,0
DA:112,0
LF:34
LH:0
BRDA:5,0,0,0
BRDA:6,1,0,0
BRDA:7,2,0,0
BRDA:8,3,0,0
BRDA:46,4,0,0
BRDA:46,4,1,0
BRDA:83,5,0,0
BRDA:84,6,0,0
BRDA:86,7,0,0
BRDA:91,8,0,0
BRDA:91,8,1,0
BRDA:91,9,0,0
BRDA:91,9,1,0
BRDA:91,9,2,0
BRDA:96,10,0,0
BRDA:96,10,1,0
BRDA:102,11,0,0
BRDA:102,11,1,0
BRDA:109,12,0,0
BRDA:109,12,1,0
BRF:20
BRH:0
end_of_record
TN:
SF:src\lib\cardUtils.js
FN:5,createSummaryCard
FNF:1
FNH:0
FNDA:0,createSummaryCard
DA:6,0
LF:1
LH:0
BRDA:5,0,0,0
BRDA:12,1,0,0
BRDA:12,1,1,0
BRF:3
BRH:0
end_of_record
TN:
SF:src\lib\columnConfigs.jsx
FN:16,(anonymous_0)
FN:22,(anonymous_1)
FN:35,(anonymous_2)
FN:47,(anonymous_3)
FNF:4
FNH:0
FNDA:0,(anonymous_0)
FNDA:0,(anonymous_1)
FNDA:0,(anonymous_2)
FNDA:0,(anonymous_3)
DA:12,0
DA:16,0
DA:24,0
DA:37,0
DA:48,0
LF:5
LH:0
BRDA:25,0,0,0
BRDA:25,0,1,0
BRDA:38,1,0,0
BRDA:38,1,1,0
BRF:4
BRH:0
end_of_record
TN:
SF:src\lib\utils.js
FN:34,formatGP
FN:51,formatPercent
FN:69,formatTime
FN:92,formatDuration
FN:111,formatAxisTicksPow10
FN:145,isIncompleteDay
FN:154,(anonymous_6)
FN:184,parseDateParts
FN:200,dateToInputValue
FN:215,formatDateForUrl
FN:237,addDaysToDate
FN:248,getProfitTier
FN:255,getTierColors
FN:262,getCategoryFromName
FN:281,getCategoryIcon
FN:300,getCategoryColors
FN:320,lerpColor
FN:321,(anonymous_17)
FN:330,clamp
FNF:19
FNH:0
FNDA:0,formatGP
FNDA:0,formatPercent
FNDA:0,formatTime
FNDA:0,formatDuration
FNDA:0,formatAxisTicksPow10
FNDA:0,isIncompleteDay
FNDA:0,(anonymous_6)
FNDA:0,parseDateParts
FNDA:0,dateToInputValue
FNDA:0,formatDateForUrl
FNDA:0,addDaysToDate
FNDA:0,getProfitTier
FNDA:0,getTierColors
FNDA:0,getCategoryFromName
FNDA:0,getCategoryIcon
FNDA:0,getCategoryColors
FNDA:0,lerpColor
FNDA:0,(anonymous_17)
FNDA:0,clamp
DA:35,0
DA:36,0
DA:37,0
DA:38,0
DA:52,0
DA:53,0
DA:70,0
DA:71,0
DA:72,0
DA:73,0
DA:75,0
DA:93,0
DA:94,0
DA:95,0
DA:96,0
DA:97,0
DA:112,0
DA:113,0
DA:114,0
DA:115,0
DA:147,0
DA:148,0
DA:151,0
DA:154,0
DA:158,0
DA:159,0
DA:162,0
DA:164,0
DA:185,0
DA:186,0
DA:201,0
DA:202,0
DA:203,0
DA:216,0
DA:217,0
DA:238,0
DA:239,0
DA:240,0
DA:241,0
DA:244,0
DA:249,0
DA:250,0
DA:251,0
DA:252,0
DA:256,0
DA:257,0
DA:258,0
DA:259,0
DA:263,0
DA:264,0
DA:265,0
DA:266,0
DA:267,0
DA:268,0
DA:269,0
DA:270,0
DA:271,0
DA:272,0
DA:273,0
DA:274,0
DA:275,0
DA:276,0
DA:277,0
DA:278,0
DA:282,0
DA:297,0
DA:301,0
DA:316,0
DA:317,0
DA:321,0
DA:322,0
DA:323,0
DA:324,0
DA:326,0
DA:327,0
DA:331,0
LF:76
LH:0
BRDA:35,0,0,0
BRDA:35,0,1,0
BRDA:36,1,0,0
BRDA:36,1,1,0
BRDA:37,2,0,0
BRDA:37,2,1,0
BRDA:38,3,0,0
BRDA:38,3,1,0
BRDA:52,4,0,0
BRDA:52,4,1,0
BRDA:70,5,0,0
BRDA:70,5,1,0
BRDA:94,6,0,0
BRDA:94,6,1,0
BRDA:113,7,0,0
BRDA:113,7,1,0
BRDA:114,8,0,0
BRDA:114,8,1,0
BRDA:147,9,0,0
BRDA:147,9,1,0
BRDA:147,10,0,0
BRDA:147,10,1,0
BRDA:147,10,2,0
BRDA:154,11,0,0
BRDA:154,11,1,0
BRDA:154,12,0,0
BRDA:154,12,1,0
BRDA:154,13,0,0
BRDA:154,13,1,0
BRDA:154,14,0,0
BRDA:154,14,1,0
BRDA:158,15,0,0
BRDA:158,15,1,0
BRDA:201,16,0,0
BRDA:201,16,1,0
BRDA:249,17,0,0
BRDA:249,17,1,0
BRDA:250,18,0,0
BRDA:250,18,1,0
BRDA:251,19,0,0
BRDA:251,19,1,0
BRDA:256,20,0,0
BRDA:256,20,1,0
BRDA:257,21,0,0
BRDA:257,21,1,0
BRDA:258,22,0,0
BRDA:258,22,1,0
BRDA:262,23,0,0
BRDA:264,24,0,0
BRDA:264,24,1,0
BRDA:265,25,0,0
BRDA:265,25,1,0
BRDA:265,26,0,0
BRDA:265,26,1,0
BRDA:265,26,2,0
BRDA:266,27,0,0
BRDA:266,27,1,0
BRDA:267,28,0,0
BRDA:267,28,1,0
BRDA:267,29,0,0
BRDA:267,29,1,0
BRDA:268,30,0,0
BRDA:268,30,1,0
BRDA:269,31,0,0
BRDA:269,31,1,0
BRDA:270,32,0,0
BRDA:270,32,1,0
BRDA:270,33,0,0
BRDA:270,33,1,0
BRDA:270,33,2,0
BRDA:271,34,0,0
BRDA:271,34,1,0
BRDA:271,35,0,0
BRDA:271,35,1,0
BRDA:271,35,2,0
BRDA:271,35,3,0
BRDA:273,36,0,0
BRDA:273,36,1,0
BRDA:273,37,0,0
BRDA:273,37,1,0
BRDA:273,37,2,0
BRDA:273,37,3,0
BRDA:275,38,0,0
BRDA:275,38,1,0
BRDA:275,39,0,0
BRDA:275,39,1,0
BRDA:275,39,2,0
BRDA:276,40,0,0
BRDA:276,40,1,0
BRDA:276,41,0,0
BRDA:276,41,1,0
BRDA:276,41,2,0
BRDA:277,42,0,0
BRDA:277,42,1,0
BRDA:277,43,0,0
BRDA:277,43,1,0
BRDA:297,44,0,0
BRDA:297,44,1,0
BRDA:316,45,0,0
BRDA:316,45,1,0
BRDA:322,46,0,0
BRDA:322,46,1,0
BRF:102
BRH:0
end_of_record
TN:
SF:src\pages\Charts.jsx
FN:8,Charts
FNF:1
FNH:0
FNDA:0,Charts
DA:9,0
LF:1
LH:0
BRF:0
BRH:0
end_of_record
TN:
SF:src\pages\FlipLogs.jsx
FN:44,FlipLogs
FN:72,(anonymous_1)
FN:78,(anonymous_2)
FN:87,(anonymous_3)
FN:107,(anonymous_4)
FN:124,(anonymous_5)
FN:125,(anonymous_6)
FN:142,(anonymous_7)
FN:151,(anonymous_8)
FN:160,(anonymous_9)
FN:165,(anonymous_10)
FN:179,(anonymous_11)
FN:180,(anonymous_12)
FN:195,(anonymous_13)
FN:200,(anonymous_14)
FN:205,(anonymous_15)
FN:223,(anonymous_16)
FNF:17
FNH:0
FNDA:0,FlipLogs
FNDA:0,(anonymous_1)
FNDA:0,(anonymous_2)
FNDA:0,(anonymous_3)
FNDA:0,(anonymous_4)
FNDA:0,(anonymous_5)
FNDA:0,(anonymous_6)
FNDA:0,(anonymous_7)
FNDA:0,(anonymous_8)
FNDA:0,(anonymous_9)
FNDA:0,(anonymous_10)
FNDA:0,(anonymous_11)
FNDA:0,(anonymous_12)
FNDA:0,(anonymous_13)
FNDA:0,(anonymous_14)
FNDA:0,(anonymous_15)
FNDA:0,(anonymous_16)
DA:46,0
DA:47,0
DA:48,0
DA:56,0
DA:59,0
DA:62,0
DA:65,0
DA:68,0
DA:69,0
DA:72,0
DA:73,0
DA:77,0
DA:79,0
DA:84,0
DA:87,0
DA:88,0
DA:91,0
DA:100,0
DA:107,0
DA:124,0
DA:126,0
DA:127,0
DA:128,0
DA:142,0
DA:151,0
DA:162,0
DA:163,0
DA:166,0
DA:167,0
DA:168,0
DA:169,0
DA:179,0
DA:181,0
DA:182,0
DA:195,0
DA:196,0
DA:198,0
DA:201,0
DA:205,0
DA:213,0
DA:214,0
DA:218,0
DA:219,0
DA:223,0
DA:229,0
LF:45
LH:0
BRDA:59,0,0,0
BRDA:59,0,1,0
BRDA:62,1,0,0
BRDA:62,1,1,0
BRDA:68,2,0,0
BRDA:68,2,1,0
BRDA:69,3,0,0
BRDA:69,3,1,0
BRDA:73,4,0,0
BRDA:73,4,1,0
BRDA:73,5,0,0
BRDA:73,5,1,0
BRDA:79,6,0,0
BRDA:79,6,1,0
BRDA:79,6,2,0
BRDA:107,7,0,0
BRDA:107,7,1,0
BRDA:129,8,0,0
BRDA:129,8,1,0
BRDA:130,9,0,0
BRDA:130,9,1,0
BRDA:162,10,0,0
BRDA:162,10,1,0
BRDA:162,11,0,0
BRDA:162,11,1,0
BRDA:166,12,0,0
BRDA:166,12,1,0
BRDA:167,13,0,0
BRDA:167,13,1,0
BRDA:168,14,0,0
BRDA:168,14,1,0
BRDA:168,15,0,0
BRDA:168,15,1,0
BRDA:169,16,0,0
BRDA:169,16,1,0
BRDA:179,17,0,0
BRDA:179,17,1,0
BRDA:181,18,0,0
BRDA:181,18,1,0
BRDA:182,19,0,0
BRDA:182,19,1,0
BRDA:196,20,0,0
BRDA:196,20,1,0
BRDA:201,21,0,0
BRDA:201,21,1,0
BRDA:201,21,2,0
BRDA:213,22,0,0
BRDA:213,22,1,0
BRDA:218,23,0,0
BRDA:218,23,1,0
BRDA:222,24,0,0
BRDA:222,24,1,0
BRDA:238,25,0,0
BRDA:238,25,1,0
BRDA:243,26,0,0
BRDA:243,26,1,0
BRDA:251,27,0,0
BRDA:251,27,1,0
BRDA:251,27,2,0
BRDA:251,27,3,0
BRDA:251,27,4,0
BRDA:259,28,0,0
BRDA:259,28,1,0
BRDA:259,28,2,0
BRDA:276,29,0,0
BRDA:276,29,1,0
BRDA:291,30,0,0
BRDA:291,30,1,0
BRDA:291,30,2,0
BRF:69
BRH:0
end_of_record
TN:
SF:src\pages\Home.jsx
FN:34,Home
FNF:1
FNH:0
FNDA:0,Home
DA:35,0
LF:1
LH:0
BRF:0
BRH:0
end_of_record
TN:
SF:src\pages\Items.jsx
FN:44,Items
FN:61,(anonymous_1)
FN:68,(anonymous_2)
FN:82,(anonymous_3)
FN:101,(anonymous_4)
FN:113,(anonymous_5)
FN:121,(anonymous_6)
FN:133,(anonymous_7)
FN:141,(anonymous_8)
FN:170,(anonymous_9)
FN:180,(anonymous_10)
FNF:11
FNH:0
FNDA:0,Items
FNDA:0,(anonymous_1)
FNDA:0,(anonymous_2)
FNDA:0,(anonymous_3)
FNDA:0,(anonymous_4)
FNDA:0,(anonymous_5)
FNDA:0,(anonymous_6)
FNDA:0,(anonymous_7)
FNDA:0,(anonymous_8)
FNDA:0,(anonymous_9)
FNDA:0,(anonymous_10)
DA:46,0
DA:47,0
DA:48,0
DA:51,0
DA:52,0
DA:56,0
DA:57,0
DA:61,0
DA:67,0
DA:68,0
DA:77,0
DA:83,0
DA:102,0
DA:113,0
DA:122,0
DA:133,0
DA:141,0
DA:146,0
DA:170,0
DA:180,0
LF:20
LH:0
BRDA:51,0,0,0
BRDA:51,0,1,0
BRDA:56,1,0,0
BRDA:56,1,1,0
BRDA:102,2,0,0
BRDA:102,2,1,0
BRDA:122,3,0,0
BRDA:122,3,1,0
BRDA:168,4,0,0
BRDA:168,4,1,0
BRDA:177,5,0,0
BRDA:177,5,1,0
BRF:12
BRH:0
end_of_record
TN:
SF:src\pages\ProfitVelocity.jsx
FN:19,(anonymous_0)
FN:25,(anonymous_1)
FN:30,ProfitVelocity
FN:35,(anonymous_3)
FN:44,(anonymous_4)
FN:48,(anonymous_5)
FN:86,(anonymous_6)
FN:91,(anonymous_7)
FN:116,(anonymous_8)
FN:117,(anonymous_9)
FN:120,(anonymous_10)
FN:140,(anonymous_11)
FN:144,(anonymous_12)
FN:152,(anonymous_13)
FN:155,(anonymous_14)
FN:155,(anonymous_15)
FN:156,(anonymous_16)
FN:159,(anonymous_17)
FN:161,(anonymous_18)
FN:162,(anonymous_19)
FN:163,(anonymous_20)
FN:189,(anonymous_21)
FN:199,(anonymous_22)
FN:264,(anonymous_23)
FN:278,(anonymous_24)
FN:313,(anonymous_25)
FN:321,(anonymous_26)
FN:358,(anonymous_27)
FNF:28
FNH:0
FNDA:0,(anonymous_0)
FNDA:0,(anonymous_1)
FNDA:0,ProfitVelocity
FNDA:0,(anonymous_3)
FNDA:0,(anonymous_4)
FNDA:0,(anonymous_5)
FNDA:0,(anonymous_6)
FNDA:0,(anonymous_7)
FNDA:0,(anonymous_8)
FNDA:0,(anonymous_9)
FNDA:0,(anonymous_10)
FNDA:0,(anonymous_11)
FNDA:0,(anonymous_12)
FNDA:0,(anonymous_13)
FNDA:0,(anonymous_14)
FNDA:0,(anonymous_15)
FNDA:0,(anonymous_16)
FNDA:0,(anonymous_17)
FNDA:0,(anonymous_18)
FNDA:0,(anonymous_19)
FNDA:0,(anonymous_20)
FNDA:0,(anonymous_21)
FNDA:0,(anonymous_22)
FNDA:0,(anonymous_23)
FNDA:0,(anonymous_24)
FNDA:0,(anonymous_25)
FNDA:0,(anonymous_26)
FNDA:0,(anonymous_27)
DA:19,0
DA:20,0
DA:21,0
DA:22,0
DA:25,0
DA:26,0
DA:27,0
DA:31,0
DA:32,0
DA:35,0
DA:36,0
DA:44,0
DA:45,0
DA:47,0
DA:49,0
DA:51,0
DA:52,0
DA:55,0
DA:56,0
DA:59,0
DA:60,0
DA:63,0
DA:64,0
DA:67,0
DA:68,0
DA:72,0
DA:73,0
DA:75,0
DA:82,0
DA:83,0
DA:86,0
DA:89,0
DA:91,0
DA:92,0
DA:93,0
DA:103,0
DA:104,0
DA:105,0
DA:106,0
DA:107,0
DA:108,0
DA:113,0
DA:115,0
DA:116,0
DA:117,0
DA:119,0
DA:121,0
DA:122,0
DA:123,0
DA:125,0
DA:136,0
DA:137,0
DA:140,0
DA:144,0
DA:145,0
DA:152,0
DA:153,0
DA:155,0
DA:156,0
DA:158,0
DA:159,0
DA:161,0
DA:162,0
DA:163,0
DA:167,0
DA:168,0
DA:171,0
DA:172,0
DA:175,0
DA:189,0
DA:199,0
DA:265,0
DA:266,0
DA:267,0
DA:269,0
DA:278,0
DA:313,0
DA:321,0
DA:358,0
LF:79
LH:0
BRDA:20,0,0,0
BRDA:20,0,1,0
BRDA:21,1,0,0
BRDA:21,1,1,0
BRDA:26,2,0,0
BRDA:26,2,1,0
BRDA:45,3,0,0
BRDA:45,3,1,0
BRDA:51,4,0,0
BRDA:51,4,1,0
BRDA:51,5,0,0
BRDA:51,5,1,0
BRDA:51,5,2,0
BRDA:59,6,0,0
BRDA:59,6,1,0
BRDA:59,7,0,0
BRDA:59,7,1,0
BRDA:67,8,0,0
BRDA:67,8,1,0
BRDA:67,9,0,0
BRDA:67,9,1,0
BRDA:92,10,0,0
BRDA:92,10,1,0
BRDA:106,11,0,0
BRDA:106,11,1,0
BRDA:107,12,0,0
BRDA:107,12,1,0
BRDA:128,13,0,0
BRDA:128,13,1,0
BRDA:133,14,0,0
BRDA:133,14,1,0
BRDA:153,15,0,0
BRDA:153,15,1,0
BRDA:167,16,0,0
BRDA:167,16,1,0
BRDA:168,17,0,0
BRDA:168,17,1,0
BRDA:171,18,0,0
BRDA:171,18,1,0
BRDA:191,19,0,0
BRDA:191,19,1,0
BRDA:201,20,0,0
BRDA:201,20,1,0
BRDA:216,21,0,0
BRDA:216,21,1,0
BRDA:222,22,0,0
BRDA:222,22,1,0
BRDA:228,23,0,0
BRDA:228,23,1,0
BRDA:234,24,0,0
BRDA:234,24,1,0
BRDA:265,25,0,0
BRDA:265,25,1,0
BRDA:270,26,0,0
BRDA:270,26,1,0
BRDA:272,27,0,0
BRDA:272,27,1,0
BRDA:275,28,0,0
BRDA:275,28,1,0
BRDA:275,29,0,0
BRDA:275,29,1,0
BRF:61
BRH:0
end_of_record
TN:
SF:src\pages\StrategyBattle.jsx
FN:25,StrategyBattle
FN:55,(anonymous_1)
FN:70,(anonymous_2)
FNF:3
FNH:0
FNDA:0,StrategyBattle
FNDA:0,(anonymous_1)
FNDA:0,(anonymous_2)
DA:27,0
DA:28,0
DA:29,0
DA:36,0
DA:39,0
DA:40,0
DA:43,0
DA:46,0
DA:49,0
DA:50,0
DA:54,0
DA:56,0
DA:57,0
DA:61,0
DA:62,0
DA:65,0
DA:66,0
DA:70,0
DA:75,0
LF:19
LH:0
BRDA:39,0,0,0
BRDA:39,0,1,0
BRDA:40,1,0,0
BRDA:40,1,1,0
BRDA:49,2,0,0
BRDA:49,2,1,0
BRDA:50,3,0,0
BRDA:50,3,1,0
BRDA:54,4,0,0
BRDA:54,4,1,0
BRDA:61,5,0,0
BRDA:61,5,1,0
BRDA:65,6,0,0
BRDA:65,6,1,0
BRDA:95,7,0,0
BRDA:95,7,1,0
BRDA:106,8,0,0
BRDA:106,8,1,0
BRDA:106,8,2,0
BRDA:110,9,0,0
BRDA:110,9,1,0
BRDA:113,10,0,0
BRDA:113,10,1,0
BRDA:115,11,0,0
BRDA:115,11,1,0
BRDA:117,12,0,0
BRDA:117,12,1,0
BRDA:119,13,0,0
BRDA:119,13,1,0
BRDA:125,14,0,0
BRDA:125,14,1,0
BRDA:125,14,2,0
BRF:32
BRH:0
end_of_record
TN:
SF:src\pages\StrategyBattleOriginal.jsx
FN:42,ItemBreakdown
FN:69,(anonymous_1)
FN:78,(anonymous_2)
FN:80,(anonymous_3)
FN:140,StrategyBattle
FN:174,(anonymous_5)
FN:201,(anonymous_6)
FN:206,(anonymous_7)
FN:214,(anonymous_8)
FN:231,(anonymous_9)
FN:244,(anonymous_10)
FN:249,(anonymous_11)
FN:262,(anonymous_12)
FN:289,(anonymous_13)
FN:293,(anonymous_14)
FN:324,(anonymous_15)
FN:328,(anonymous_16)
FN:362,(anonymous_17)
FNF:18
FNH:0
FNDA:0,ItemBreakdown
FNDA:0,(anonymous_1)
FNDA:0,(anonymous_2)
FNDA:0,(anonymous_3)
FNDA:0,StrategyBattle
FNDA:0,(anonymous_5)
FNDA:0,(anonymous_6)
FNDA:0,(anonymous_7)
FNDA:0,(anonymous_8)
FNDA:0,(anonymous_9)
FNDA:0,(anonymous_10)
FNDA:0,(anonymous_11)
FNDA:0,(anonymous_12)
FNDA:0,(anonymous_13)
FNDA:0,(anonymous_14)
FNDA:0,(anonymous_15)
FNDA:0,(anonymous_16)
FNDA:0,(anonymous_17)
DA:36,0
DA:37,0
DA:43,0
DA:45,0
DA:60,0
DA:61,0
DA:63,0
DA:69,0
DA:80,0
DA:82,0
DA:83,0
DA:85,0
DA:142,0
DA:143,0
DA:144,0
DA:151,0
DA:152,0
DA:155,0
DA:158,0
DA:161,0
DA:164,0
DA:165,0
DA:174,0
DA:175,0
DA:178,0
DA:179,0
DA:180,0
DA:181,0
DA:184,0
DA:185,0
DA:189,0
DA:190,0
DA:194,0
DA:195,0
DA:198,0
DA:201,0
DA:202,0
DA:205,0
DA:206,0
DA:210,0
DA:211,0
DA:212,0
DA:214,0
DA:216,0
DA:218,0
DA:220,0
DA:221,0
DA:223,0
DA:226,0
DA:231,0
DA:232,0
DA:233,0
DA:244,0
DA:245,0
DA:249,0
DA:250,0
DA:251,0
DA:252,0
DA:253,0
DA:254,0
DA:257,0
DA:258,0
DA:261,0
DA:262,0
DA:263,0
DA:264,0
DA:265,0
DA:273,0
DA:274,0
DA:275,0
DA:277,0
DA:278,0
DA:279,0
DA:280,0
DA:282,0
DA:283,0
DA:288,0
DA:289,0
DA:293,0
DA:295,0
DA:306,0
DA:307,0
DA:310,0
DA:311,0
DA:313,0
DA:324,0
DA:325,0
DA:328,0
DA:329,0
DA:331,0
DA:332,0
DA:333,0
DA:335,0
DA:344,0
DA:345,0
DA:355,0
DA:356,0
DA:362,0
DA:370,0
LF:99
LH:0
BRDA:61,0,0,0
BRDA:61,0,1,0
BRDA:67,1,0,0
BRDA:67,1,1,0
BRDA:72,2,0,0
BRDA:72,2,1,0
BRDA:82,3,0,0
BRDA:82,3,1,0
BRDA:92,4,0,0
BRDA:92,4,1,0
BRDA:103,5,0,0
BRDA:103,5,1,0
BRDA:105,6,0,0
BRDA:105,6,1,0
BRDA:107,7,0,0
BRDA:107,7,1,0
BRDA:119,8,0,0
BRDA:119,8,1,0
BRDA:129,9,0,0
BRDA:129,9,1,0
BRDA:129,9,2,0
BRDA:155,10,0,0
BRDA:155,10,1,0
BRDA:158,11,0,0
BRDA:158,11,1,0
BRDA:164,12,0,0
BRDA:164,12,1,0
BRDA:165,13,0,0
BRDA:165,13,1,0
BRDA:175,14,0,0
BRDA:175,14,1,0
BRDA:184,15,0,0
BRDA:184,15,1,0
BRDA:189,16,0,0
BRDA:189,16,1,0
BRDA:194,17,0,0
BRDA:194,17,1,0
BRDA:194,18,0,0
BRDA:194,18,1,0
BRDA:202,19,0,0
BRDA:202,19,1,0
BRDA:206,20,0,0
BRDA:206,20,1,0
BRDA:206,20,2,0
BRDA:216,21,0,0
BRDA:216,21,1,0
BRDA:216,21,2,0
BRDA:218,22,0,0
BRDA:218,22,1,0
BRDA:221,23,0,0
BRDA:221,23,1,0
BRDA:232,24,0,0
BRDA:232,24,1,0
BRDA:250,25,0,0
BRDA:250,25,1,0
BRDA:250,26,0,0
BRDA:250,26,1,0
BRDA:257,27,0,0
BRDA:257,27,1,0
BRDA:264,28,0,0
BRDA:264,28,1,0
BRDA:277,29,0,0
BRDA:277,29,1,0
BRDA:277,30,0,0
BRDA:277,30,1,0
BRDA:282,31,0,0
BRDA:282,31,1,0
BRDA:291,32,0,0
BRDA:291,32,1,0
BRDA:310,33,0,0
BRDA:310,33,1,0
BRDA:325,34,0,0
BRDA:325,34,1,0
BRDA:325,35,0,0
BRDA:325,35,1,0
BRDA:325,35,2,0
BRDA:329,36,0,0
BRDA:329,36,1,0
BRDA:331,37,0,0
BRDA:331,37,1,0
BRDA:332,38,0,0
BRDA:332,38,1,0
BRDA:339,39,0,0
BRDA:339,39,1,0
BRDA:339,40,0,0
BRDA:339,40,1,0
BRDA:344,41,0,0
BRDA:344,41,1,0
BRDA:355,42,0,0
BRDA:355,42,1,0
BRDA:361,43,0,0
BRDA:361,43,1,0
BRDA:379,44,0,0
BRDA:379,44,1,0
BRDA:384,45,0,0
BRDA:384,45,1,0
BRDA:395,46,0,0
BRDA:395,46,1,0
BRDA:406,47,0,0
BRDA:406,47,1,0
BRDA:417,48,0,0
BRDA:417,48,1,0
BRDA:417,48,2,0
BRDA:417,48,3,0
BRDA:428,49,0,0
BRDA:428,49,1,0
BRDA:428,49,2,0
BRDA:435,50,0,0
BRDA:435,50,1,0
BRDA:456,51,0,0
BRDA:456,51,1,0
BRDA:459,52,0,0
BRDA:459,52,1,0
BRDA:462,53,0,0
BRDA:462,53,1,0
BRDA:474,54,0,0
BRDA:474,54,1,0
BRDA:481,55,0,0
BRDA:481,55,1,0
BRDA:509,56,0,0
BRDA:509,56,1,0
BRDA:522,57,0,0
BRDA:522,57,1,0
BRDA:529,58,0,0
BRDA:529,58,1,0
BRDA:557,59,0,0
BRDA:557,59,1,0
BRF:127
BRH:0
end_of_record
TN:
SF:src\tests\utils\testUtils.tsx
FN:13,(anonymous_0)
FN:38,(anonymous_1)
FN:42,(anonymous_2)
FN:48,(anonymous_3)
FN:65,(anonymous_4)
FN:76,(anonymous_5)
FN:103,(anonymous_6)
FN:107,(anonymous_7)
FN:108,(anonymous_8)
FN:112,(anonymous_9)
FN:117,(anonymous_10)
FN:121,(anonymous_11)
FN:129,(anonymous_12)
FNF:13
FNH:0
FNDA:0,(anonymous_0)
FNDA:0,(anonymous_1)
FNDA:0,(anonymous_2)
FNDA:0,(anonymous_3)
FNDA:0,(anonymous_4)
FNDA:0,(anonymous_5)
FNDA:0,(anonymous_6)
FNDA:0,(anonymous_7)
FNDA:0,(anonymous_8)
FNDA:0,(anonymous_9)
FNDA:0,(anonymous_10)
FNDA:0,(anonymous_11)
FNDA:0,(anonymous_12)
DA:13,0
DA:15,0
DA:25,0
DA:38,0
DA:39,0
DA:41,0
DA:42,0
DA:48,0
DA:65,0
DA:76,0
DA:90,0
DA:96,0
DA:103,0
DA:104,0
DA:107,0
DA:108,0
DA:112,0
DA:113,0
DA:117,0
DA:118,0
DA:119,0
DA:120,0
DA:121,0
DA:122,0
DA:129,0
DA:130,0
LF:26
LH:0
BRDA:15,0,0,0
BRDA:15,0,1,0
BRDA:38,1,0,0
BRDA:48,2,0,0
BRDA:65,3,0,0
BRDA:76,4,0,0
BRDA:108,5,0,0
BRDA:108,5,1,0
BRDA:112,6,0,0
BRF:9
BRH:0
end_of_record
TN:
SF:src\utils\analytics.ts
FN:20,(anonymous_0)
FN:26,(anonymous_1)
FN:42,(anonymous_2)
FN:57,(anonymous_3)
FN:70,(anonymous_4)
FN:79,(anonymous_5)
FN:88,(anonymous_6)
FN:96,(anonymous_7)
FN:118,(anonymous_8)
FN:127,(anonymous_9)
FN:131,(anonymous_10)
FN:135,(anonymous_11)
FN:143,(anonymous_12)
FN:151,(anonymous_13)
FN:163,useAnalytics
FNF:15
FNH:0
FNDA:0,(anonymous_0)
FNDA:0,(anonymous_1)
FNDA:0,(anonymous_2)
FNDA:0,(anonymous_3)
FNDA:0,(anonymous_4)
FNDA:0,(anonymous_5)
FNDA:0,(anonymous_6)
FNDA:0,(anonymous_7)
FNDA:0,(anonymous_8)
FNDA:0,(anonymous_9)
FNDA:0,(anonymous_10)
FNDA:0,(anonymous_11)
FNDA:0,(anonymous_12)
FNDA:0,(anonymous_13)
FNDA:0,useAnalytics
DA:21,0
DA:22,0
DA:27,0
DA:28,0
DA:29,0
DA:34,0
DA:43,0
DA:44,0
DA:45,0
DA:48,0
DA:61,0
DA:71,0
DA:80,0
DA:89,0
DA:100,0
DA:101,0
DA:119,0
DA:128,0
DA:131,0
DA:133,0
DA:135,0
DA:136,0
DA:141,0
DA:143,0
DA:144,0
DA:149,0
DA:151,0
DA:152,0
DA:160,0
DA:164,0
LF:30
LH:0
BRDA:21,0,0,0
BRDA:21,0,1,0
BRDA:22,1,0,0
BRDA:22,1,1,0
BRDA:27,2,0,0
BRDA:27,2,1,0
BRDA:43,3,0,0
BRDA:43,3,1,0
BRDA:64,4,0,0
BRDA:64,4,1,0
BRDA:64,4,2,0
BRDA:65,5,0,0
BRDA:65,5,1,0
BRDA:65,5,2,0
BRDA:91,6,0,0
BRDA:91,6,1,0
BRDA:100,7,0,0
BRDA:100,7,1,0
BRDA:128,8,0,0
BRDA:128,8,1,0
BRDA:128,9,0,0
BRDA:128,9,1,0
BRDA:133,10,0,0
BRDA:133,10,1,0
BRDA:141,11,0,0
BRDA:141,11,1,0
BRDA:149,12,0,0
BRDA:149,12,1,0
BRF:28
BRH:0
end_of_record
TN:
SF:src\utils\cacheManager.ts
FN:59,(anonymous_0)
FN:81,(anonymous_1)
FN:131,(anonymous_2)
FN:156,(anonymous_3)
FN:176,(anonymous_4)
FN:198,(anonymous_5)
FN:212,(anonymous_6)
FN:235,(anonymous_7)
FN:256,(anonymous_8)
FN:296,(anonymous_9)
FN:302,(anonymous_10)
FN:307,(anonymous_11)
FN:311,(anonymous_12)
FN:318,(anonymous_13)
FN:323,(anonymous_14)
FN:328,(anonymous_15)
FN:346,(anonymous_16)
FN:369,(anonymous_17)
FN:373,(anonymous_18)
FN:374,(anonymous_19)
FN:379,(anonymous_20)
FN:390,(anonymous_21)
FN:401,(anonymous_22)
FN:404,(anonymous_23)
FN:407,(anonymous_24)
FN:415,(anonymous_25)
FN:458,(anonymous_26)
FN:465,(anonymous_27)
FN:472,(anonymous_28)
FN:485,(anonymous_29)
FN:497,(anonymous_30)
FN:509,(anonymous_31)
FNF:32
FNH:0
FNDA:0,(anonymous_0)
FNDA:0,(anonymous_1)
FNDA:0,(anonymous_2)
FNDA:0,(anonymous_3)
FNDA:0,(anonymous_4)
FNDA:0,(anonymous_5)
FNDA:0,(anonymous_6)
FNDA:0,(anonymous_7)
FNDA:0,(anonymous_8)
FNDA:0,(anonymous_9)
FNDA:0,(anonymous_10)
FNDA:0,(anonymous_11)
FNDA:0,(anonymous_12)
FNDA:0,(anonymous_13)
FNDA:0,(anonymous_14)
FNDA:0,(anonymous_15)
FNDA:0,(anonymous_16)
FNDA:0,(anonymous_17)
FNDA:0,(anonymous_18)
FNDA:0,(anonymous_19)
FNDA:0,(anonymous_20)
FNDA:0,(anonymous_21)
FNDA:0,(anonymous_22)
FNDA:0,(anonymous_23)
FNDA:0,(anonymous_24)
FNDA:0,(anonymous_25)
FNDA:0,(anonymous_26)
FNDA:0,(anonymous_27)
FNDA:0,(anonymous_28)
FNDA:0,(anonymous_29)
FNDA:0,(anonymous_30)
FNDA:0,(anonymous_31)
DA:48,0
DA:50,0
DA:60,0
DA:70,0
DA:73,0
DA:74,0
DA:82,0
DA:84,0
DA:86,0
DA:87,0
DA:88,0
DA:89,0
DA:90,0
DA:91,0
DA:95,0
DA:96,0
DA:97,0
DA:99,0
DA:100,0
DA:101,0
DA:102,0
DA:107,0
DA:108,0
DA:109,0
DA:111,0
DA:112,0
DA:113,0
DA:114,0
DA:118,0
DA:119,0
DA:120,0
DA:122,0
DA:123,0
DA:124,0
DA:132,0
DA:133,0
DA:135,0
DA:137,0
DA:140,0
DA:141,0
DA:142,0
DA:143,0
DA:146,0
DA:147,0
DA:149,0
DA:157,0
DA:160,0
DA:162,0
DA:163,0
DA:166,0
DA:167,0
DA:170,0
DA:177,0
DA:178,0
DA:181,0
DA:182,0
DA:183,0
DA:188,0
DA:189,0
DA:192,0
DA:199,0
DA:200,0
DA:202,0
DA:213,0
DA:214,0
DA:224,0
DA:225,0
DA:228,0
DA:229,0
DA:236,0
DA:238,0
DA:239,0
DA:240,0
DA:242,0
DA:243,0
DA:244,0
DA:245,0
DA:247,0
DA:248,0
DA:251,0
DA:252,0
DA:257,0
DA:259,0
DA:260,0
DA:269,0
DA:271,0
DA:273,0
DA:274,0
DA:275,0
DA:283,0
DA:285,0
DA:288,0
DA:299,0
DA:304,0
DA:319,0
DA:320,0
DA:324,0
DA:325,0
DA:329,0
DA:330,0
DA:332,0
DA:333,0
DA:334,0
DA:335,0
DA:339,0
DA:340,0
DA:341,0
DA:342,0
DA:347,0
DA:349,0
DA:350,0
DA:352,0
DA:353,0
DA:354,0
DA:355,0
DA:356,0
DA:357,0
DA:358,0
DA:359,0
DA:360,0
DA:364,0
DA:369,0
DA:370,0
DA:374,0
DA:375,0
DA:380,0
DA:381,0
DA:384,0
DA:385,0
DA:386,0
DA:390,0
DA:392,0
DA:393,0
DA:394,0
DA:398,0
DA:402,0
DA:403,0
DA:404,0
DA:408,0
DA:409,0
DA:411,0
DA:416,0
DA:417,0
DA:418,0
DA:419,0
DA:420,0
DA:425,0
DA:432,0
DA:439,0
DA:446,0
DA:454,0
DA:459,0
DA:466,0
DA:473,0
DA:474,0
DA:479,0
DA:486,0
DA:487,0
DA:490,0
DA:491,0
DA:498,0
DA:510,0
DA:516,0
LF:163
LH:0
BRDA:59,0,0,0
BRDA:73,1,0,0
BRDA:73,1,1,0
BRDA:87,2,0,0
BRDA:87,2,1,0
BRDA:87,3,0,0
BRDA:87,3,1,0
BRDA:95,4,0,0
BRDA:95,4,1,0
BRDA:95,5,0,0
BRDA:95,5,1,0
BRDA:97,6,0,0
BRDA:97,6,1,0
BRDA:107,7,0,0
BRDA:107,7,1,0
BRDA:109,8,0,0
BRDA:109,8,1,0
BRDA:133,9,0,0
BRDA:133,9,1,0
BRDA:140,10,0,0
BRDA:140,10,1,0
BRDA:142,11,0,0
BRDA:142,11,1,0
BRDA:162,12,0,0
BRDA:162,12,1,0
BRDA:166,13,0,0
BRDA:166,13,1,0
BRDA:182,14,0,0
BRDA:182,14,1,0
BRDA:200,15,0,0
BRDA:200,15,1,0
BRDA:224,16,0,0
BRDA:224,16,1,0
BRDA:236,17,0,0
BRDA:236,17,1,0
BRDA:240,18,0,0
BRDA:240,18,1,0
BRDA:243,19,0,0
BRDA:243,19,1,0
BRDA:257,20,0,0
BRDA:257,20,1,0
BRDA:271,21,0,0
BRDA:271,21,1,0
BRDA:333,22,0,0
BRDA:333,22,1,0
BRDA:339,23,0,0
BRDA:339,23,1,0
BRDA:347,24,0,0
BRDA:347,24,1,0
BRDA:354,25,0,0
BRDA:354,25,1,0
BRDA:357,26,0,0
BRDA:357,26,1,0
BRDA:359,27,0,0
BRDA:359,27,1,0
BRDA:385,28,0,0
BRDA:385,28,1,0
BRDA:392,29,0,0
BRDA:392,29,1,0
BRDA:416,30,0,0
BRDA:416,30,1,0
BRF:61
BRH:0
end_of_record
TN:
SF:src\utils\cacheWarming.ts
FN:40,(anonymous_0)
FN:48,(anonymous_1)
FN:76,(anonymous_2)
FN:98,(anonymous_3)
FN:129,(anonymous_4)
FN:146,(anonymous_5)
FN:157,(anonymous_6)
FN:174,(anonymous_7)
FN:220,(anonymous_8)
FN:232,(anonymous_9)
FN:248,(anonymous_10)
FN:251,(anonymous_11)
FN:266,(anonymous_12)
FN:296,(anonymous_13)
FN:298,(anonymous_14)
FN:299,(anonymous_15)
FN:317,(anonymous_16)
FN:319,(anonymous_17)
FN:326,(anonymous_18)
FN:336,(anonymous_19)
FN:357,(anonymous_20)
FN:369,(anonymous_21)
FN:380,(anonymous_22)
FNF:23
FNH:0
FNDA:0,(anonymous_0)
FNDA:0,(anonymous_1)
FNDA:0,(anonymous_2)
FNDA:0,(anonymous_3)
FNDA:0,(anonymous_4)
FNDA:0,(anonymous_5)
FNDA:0,(anonymous_6)
FNDA:0,(anonymous_7)
FNDA:0,(anonymous_8)
FNDA:0,(anonymous_9)
FNDA:0,(anonymous_10)
FNDA:0,(anonymous_11)
FNDA:0,(anonymous_12)
FNDA:0,(anonymous_13)
FNDA:0,(anonymous_14)
FNDA:0,(anonymous_15)
FNDA:0,(anonymous_16)
FNDA:0,(anonymous_17)
FNDA:0,(anonymous_18)
FNDA:0,(anonymous_19)
FNDA:0,(anonymous_20)
FNDA:0,(anonymous_21)
FNDA:0,(anonymous_22)
DA:30,0
DA:31,0
DA:32,0
DA:33,0
DA:41,0
DA:42,0
DA:49,0
DA:51,0
DA:52,0
DA:54,0
DA:56,0
DA:58,0
DA:59,0
DA:60,0
DA:62,0
DA:63,0
DA:65,0
DA:67,0
DA:69,0
DA:77,0
DA:92,0
DA:99,0
DA:100,0
DA:101,0
DA:103,0
DA:104,0
DA:106,0
DA:107,0
DA:108,0
DA:110,0
DA:123,0
DA:130,0
DA:140,0
DA:148,0
DA:150,0
DA:151,0
DA:152,0
DA:156,0
DA:157,0
DA:158,0
DA:161,0
DA:162,0
DA:163,0
DA:167,0
DA:175,0
DA:176,0
DA:178,0
DA:179,0
DA:181,0
DA:182,0
DA:183,0
DA:186,0
DA:188,0
DA:189,0
DA:190,0
DA:194,0
DA:195,0
DA:196,0
DA:197,0
DA:199,0
DA:203,0
DA:204,0
DA:206,0
DA:207,0
DA:208,0
DA:210,0
DA:211,0
DA:214,0
DA:215,0
DA:217,0
DA:219,0
DA:220,0
DA:225,0
DA:226,0
DA:233,0
DA:234,0
DA:236,0
DA:237,0
DA:239,0
DA:240,0
DA:242,0
DA:249,0
DA:251,0
DA:253,0
DA:254,0
DA:257,0
DA:258,0
DA:259,0
DA:268,0
DA:269,0
DA:270,0
DA:272,0
DA:273,0
DA:276,0
DA:277,0
DA:283,0
DA:284,0
DA:285,0
DA:286,0
DA:290,0
DA:297,0
DA:298,0
DA:299,0
DA:300,0
DA:302,0
DA:306,0
DA:310,0
DA:319,0
DA:320,0
DA:321,0
DA:326,0
DA:327,0
DA:328,0
DA:337,0
DA:346,0
DA:348,0
DA:349,0
DA:358,0
DA:370,0
DA:375,0
DA:378,0
DA:380,0
DA:381,0
LF:123
LH:0
BRDA:49,0,0,0
BRDA:49,0,1,0
BRDA:114,1,0,0
BRDA:114,1,1,0
BRDA:151,2,0,0
BRDA:151,2,1,0
BRDA:156,3,0,0
BRDA:156,3,1,0
BRDA:161,4,0,0
BRDA:161,4,1,0
BRDA:181,5,0,0
BRDA:181,5,1,0
BRDA:181,6,0,0
BRDA:181,6,1,0
BRDA:189,7,0,0
BRDA:189,7,1,0
BRDA:194,8,0,0
BRDA:194,8,1,0
BRDA:196,9,0,0
BRDA:196,9,1,0
BRDA:217,10,0,0
BRDA:217,10,1,0
BRDA:233,11,0,0
BRDA:233,11,1,0
BRDA:233,12,0,0
BRDA:233,12,1,0
BRDA:236,13,0,0
BRDA:236,13,1,0
BRDA:236,14,0,0
BRDA:236,14,1,0
BRDA:239,15,0,0
BRDA:239,15,1,0
BRDA:254,16,0,0
BRDA:254,16,1,0
BRDA:257,17,0,0
BRDA:257,17,1,0
BRDA:258,18,0,0
BRDA:258,18,1,0
BRDA:268,19,0,0
BRDA:268,19,1,0
BRDA:270,20,0,0
BRDA:270,20,1,0
BRDA:272,21,0,0
BRDA:272,21,1,0
BRDA:272,22,0,0
BRDA:272,22,1,0
BRDA:276,23,0,0
BRDA:276,23,1,0
BRDA:283,24,0,0
BRDA:283,24,1,0
BRDA:285,25,0,0
BRDA:285,25,1,0
BRDA:285,26,0,0
BRDA:285,26,1,0
BRDA:297,27,0,0
BRDA:297,27,1,0
BRDA:300,28,0,0
BRDA:300,28,1,0
BRDA:300,29,0,0
BRDA:300,29,1,0
BRDA:320,30,0,0
BRDA:320,30,1,0
BRDA:327,31,0,0
BRDA:327,31,1,0
BRDA:346,32,0,0
BRDA:346,32,1,0
BRDA:348,33,0,0
BRDA:348,33,1,0
BRDA:378,34,0,0
BRDA:378,34,1,0
BRF:70
BRH:0
end_of_record
TN:
SF:src\utils\dateUtils.ts
FN:27,(anonymous_0)
FN:82,(anonymous_1)
FN:91,(anonymous_2)
FN:107,(anonymous_3)
FN:124,(anonymous_4)
FN:144,(anonymous_5)
FN:162,(anonymous_6)
FN:173,(anonymous_7)
FN:185,(anonymous_8)
FN:199,(anonymous_9)
FN:231,(anonymous_10)
FN:255,(anonymous_11)
FN:268,(anonymous_12)
FNF:13
FNH:0
FNDA:0,(anonymous_0)
FNDA:0,(anonymous_1)
FNDA:0,(anonymous_2)
FNDA:0,(anonymous_3)
FNDA:0,(anonymous_4)
FNDA:0,(anonymous_5)
FNDA:0,(anonymous_6)
FNDA:0,(anonymous_7)
FNDA:0,(anonymous_8)
FNDA:0,(anonymous_9)
FNDA:0,(anonymous_10)
FNDA:0,(anonymous_11)
FNDA:0,(anonymous_12)
DA:8,0
DA:28,0
DA:30,0
DA:32,0
DA:42,0
DA:43,0
DA:44,0
DA:45,0
DA:46,0
DA:50,0
DA:51,0
DA:52,0
DA:53,0
DA:54,0
DA:58,0
DA:59,0
DA:60,0
DA:61,0
DA:62,0
DA:66,0
DA:67,0
DA:69,0
DA:70,0
DA:72,0
DA:73,0
DA:83,0
DA:92,0
DA:93,0
DA:95,0
DA:96,0
DA:97,0
DA:99,0
DA:108,0
DA:109,0
DA:111,0
DA:112,0
DA:113,0
DA:115,0
DA:125,0
DA:127,0
DA:128,0
DA:130,0
DA:136,0
DA:145,0
DA:146,0
DA:149,0
DA:155,0
DA:163,0
DA:164,0
DA:165,0
DA:174,0
DA:176,0
DA:177,0
DA:186,0
DA:188,0
DA:189,0
DA:204,0
DA:205,0
DA:207,0
DA:208,0
DA:209,0
DA:212,0
DA:213,0
DA:215,0
DA:217,0
DA:219,0
DA:220,0
DA:223,0
DA:232,0
DA:234,0
DA:235,0
DA:237,0
DA:238,0
DA:241,0
DA:256,0
DA:257,0
DA:259,0
DA:269,0
DA:270,0
DA:272,0
DA:273,0
DA:274,0
DA:277,0
DA:278,0
DA:279,0
DA:293,0
LF:86
LH:0
BRDA:27,0,0,0
BRDA:28,1,0,0
BRDA:28,1,1,0
BRDA:43,2,0,0
BRDA:43,2,1,0
BRDA:46,3,0,0
BRDA:46,3,1,0
BRDA:51,4,0,0
BRDA:51,4,1,0
BRDA:54,5,0,0
BRDA:54,5,1,0
BRDA:59,6,0,0
BRDA:59,6,1,0
BRDA:62,7,0,0
BRDA:62,7,1,0
BRDA:67,8,0,0
BRDA:67,8,1,0
BRDA:83,9,0,0
BRDA:83,9,1,0
BRDA:92,10,0,0
BRDA:92,10,1,0
BRDA:93,11,0,0
BRDA:93,11,1,0
BRDA:108,12,0,0
BRDA:108,12,1,0
BRDA:109,13,0,0
BRDA:109,13,1,0
BRDA:124,14,0,0
BRDA:125,15,0,0
BRDA:125,16,0,0
BRDA:125,17,0,0
BRDA:127,18,0,0
BRDA:127,18,1,0
BRDA:128,19,0,0
BRDA:128,19,1,0
BRDA:131,20,0,0
BRDA:131,20,1,0
BRDA:132,21,0,0
BRDA:132,21,1,0
BRDA:133,22,0,0
BRDA:133,22,1,0
BRDA:145,23,0,0
BRDA:145,23,1,0
BRDA:146,24,0,0
BRDA:146,24,1,0
BRDA:174,25,0,0
BRDA:174,25,1,0
BRDA:177,26,0,0
BRDA:177,26,1,0
BRDA:186,27,0,0
BRDA:186,27,1,0
BRDA:189,28,0,0
BRDA:189,28,1,0
BRDA:202,29,0,0
BRDA:204,30,0,0
BRDA:204,30,1,0
BRDA:205,31,0,0
BRDA:205,31,1,0
BRDA:207,32,0,0
BRDA:207,32,1,0
BRDA:207,33,0,0
BRDA:207,33,1,0
BRDA:217,34,0,0
BRDA:217,34,1,0
BRDA:232,35,0,0
BRDA:232,35,1,0
BRDA:232,36,0,0
BRDA:232,36,1,0
BRDA:235,37,0,0
BRDA:235,37,1,0
BRDA:242,38,0,0
BRDA:242,38,1,0
BRDA:242,38,2,0
BRDA:242,38,3,0
BRDA:255,39,0,0
BRDA:257,40,0,0
BRDA:257,40,1,0
BRDA:259,41,0,0
BRDA:259,41,1,0
BRDA:269,42,0,0
BRDA:269,42,1,0
BRDA:270,43,0,0
BRDA:270,43,1,0
BRDA:272,44,0,0
BRDA:272,44,1,0
BRDA:272,45,0,0
BRDA:272,45,1,0
BRDA:277,46,0,0
BRDA:277,46,1,0
BRDA:278,47,0,0
BRDA:278,47,1,0
BRF:91
BRH:0
end_of_record
TN:
SF:src\utils\formatUtils.ts
FN:14,(anonymous_0)
FN:44,(anonymous_1)
FN:97,(anonymous_2)
FN:108,(anonymous_3)
FN:130,(anonymous_4)
FN:171,(anonymous_5)
FN:183,(anonymous_6)
FN:192,(anonymous_7)
FN:208,(anonymous_8)
FN:213,(anonymous_9)
FN:233,(anonymous_10)
FN:264,(anonymous_11)
FN:276,(anonymous_12)
FN:291,(anonymous_13)
FN:308,(anonymous_14)
FN:328,(anonymous_15)
FNF:16
FNH:8
FNDA:4,(anonymous_0)
FNDA:9,(anonymous_1)
FNDA:0,(anonymous_2)
FNDA:6,(anonymous_3)
FNDA:5,(anonymous_4)
FNDA:0,(anonymous_5)
FNDA:0,(anonymous_6)
FNDA:0,(anonymous_7)
FNDA:6,(anonymous_8)
FNDA:10,(anonymous_9)
FNDA:0,(anonymous_10)
FNDA:5,(anonymous_11)
FNDA:4,(anonymous_12)
FNDA:0,(anonymous_13)
FNDA:0,(anonymous_14)
FNDA:0,(anonymous_15)
DA:28,4
DA:30,4
DA:52,9
DA:54,9
DA:56,9
DA:57,9
DA:62,9
DA:63,1
DA:64,1
DA:65,8
DA:66,4
DA:67,4
DA:68,4
DA:69,1
DA:70,1
DA:72,3
DA:73,3
DA:78,9
DA:79,3
DA:84,6
DA:87,9
DA:88,9
DA:98,0
DA:99,0
DA:117,6
DA:119,6
DA:121,6
DA:138,5
DA:140,5
DA:142,4
DA:143,4
DA:144,4
DA:146,4
DA:147,0
DA:148,0
DA:149,0
DA:150,0
DA:152,0
DA:154,4
DA:155,3
DA:156,3
DA:157,1
DA:158,0
DA:160,1
DA:175,0
DA:177,0
DA:179,0
DA:181,0
DA:183,0
DA:186,0
DA:188,0
DA:190,0
DA:193,0
DA:199,0
DA:209,6
DA:212,5
DA:213,10
DA:237,0
DA:239,0
DA:241,0
DA:243,0
DA:245,0
DA:247,0
DA:248,0
DA:250,0
DA:253,0
DA:265,5
DA:267,3
DA:277,4
DA:279,3
DA:280,3
DA:281,3
DA:283,3
DA:292,0
DA:293,0
DA:295,0
DA:296,0
DA:297,0
DA:299,0
DA:309,0
DA:311,0
DA:314,0
DA:315,0
DA:316,0
DA:317,0
DA:319,0
DA:329,0
DA:330,0
DA:332,0
DA:350,1
LF:90
LH:47
BRDA:16,0,0,0
BRDA:24,1,0,4
BRDA:25,2,0,4
BRDA:26,3,0,4
BRDA:27,4,0,4
BRDA:46,5,0,7
BRDA:52,6,0,9
BRDA:52,7,0,9
BRDA:52,8,0,9
BRDA:54,9,0,0
BRDA:54,9,1,9
BRDA:57,10,0,2
BRDA:57,10,1,7
BRDA:62,11,0,1
BRDA:62,11,1,8
BRDA:65,12,0,4
BRDA:65,12,1,4
BRDA:68,13,0,1
BRDA:68,13,1,3
BRDA:78,14,0,3
BRDA:78,14,1,6
BRDA:78,15,0,9
BRDA:78,15,1,6
BRDA:80,16,0,0
BRDA:80,16,1,3
BRDA:87,17,0,9
BRDA:87,17,1,0
BRDA:97,18,0,0
BRDA:98,19,0,0
BRDA:98,19,1,0
BRDA:110,20,0,6
BRDA:117,21,0,6
BRDA:119,22,0,0
BRDA:119,22,1,6
BRDA:132,23,0,4
BRDA:138,24,0,5
BRDA:138,25,0,5
BRDA:138,26,0,5
BRDA:140,27,0,1
BRDA:140,27,1,4
BRDA:140,28,0,5
BRDA:140,28,1,5
BRDA:146,29,0,0
BRDA:146,29,1,4
BRDA:148,30,0,0
BRDA:148,30,1,0
BRDA:148,31,0,0
BRDA:148,31,1,0
BRDA:149,32,0,0
BRDA:149,32,1,0
BRDA:149,33,0,0
BRDA:149,33,1,0
BRDA:150,34,0,0
BRDA:150,34,1,0
BRDA:150,35,0,0
BRDA:150,35,1,0
BRDA:150,36,0,0
BRDA:150,36,1,0
BRDA:152,37,0,0
BRDA:152,37,1,0
BRDA:154,38,0,3
BRDA:154,38,1,1
BRDA:157,39,0,0
BRDA:157,39,1,1
BRDA:157,40,0,1
BRDA:157,40,1,0
BRDA:173,41,0,0
BRDA:175,42,0,0
BRDA:175,42,1,0
BRDA:175,43,0,0
BRDA:175,43,1,0
BRDA:177,44,0,0
BRDA:177,44,1,0
BRDA:177,44,2,0
BRDA:177,44,3,0
BRDA:177,44,4,0
BRDA:177,44,5,0
BRDA:193,45,0,0
BRDA:193,45,1,0
BRDA:209,46,0,1
BRDA:209,46,1,5
BRDA:235,47,0,0
BRDA:237,48,0,0
BRDA:237,48,1,0
BRDA:237,49,0,0
BRDA:237,49,1,0
BRDA:239,50,0,0
BRDA:239,50,1,0
BRDA:239,50,2,0
BRDA:239,50,3,0
BRDA:239,50,4,0
BRDA:239,50,5,0
BRDA:241,51,0,0
BRDA:241,51,1,0
BRDA:243,52,0,0
BRDA:243,52,1,0
BRDA:245,53,0,0
BRDA:245,53,1,0
BRDA:247,54,0,0
BRDA:247,54,1,0
BRDA:264,55,0,4
BRDA:265,56,0,2
BRDA:265,56,1,3
BRDA:265,57,0,5
BRDA:265,57,1,4
BRDA:276,58,0,3
BRDA:277,59,0,1
BRDA:277,59,1,3
BRDA:295,60,0,0
BRDA:295,60,1,0
BRDA:295,61,0,0
BRDA:295,61,1,0
BRDA:296,62,0,0
BRDA:296,62,1,0
BRDA:296,63,0,0
BRDA:296,63,1,0
BRDA:297,64,0,0
BRDA:297,64,1,0
BRDA:297,65,0,0
BRDA:297,65,1,0
BRDA:308,66,0,0
BRDA:311,67,0,0
BRDA:311,67,1,0
BRDA:315,68,0,0
BRDA:315,68,1,0
BRDA:316,69,0,0
BRDA:316,69,1,0
BRDA:328,70,0,0
BRDA:330,71,0,0
BRDA:330,71,1,0
BRDA:330,72,0,0
BRDA:330,72,1,0
BRF:132
BRH:49
end_of_record
TN:
SF:src\utils\index.ts
FNF:0
FNH:0
LF:0
LH:0
BRF:0
BRH:0
end_of_record
TN:
SF:src\utils\logger.ts
FN:28,(anonymous_0)
FN:34,(anonymous_1)
FN:40,(anonymous_2)
FN:46,(anonymous_3)
FN:53,(anonymous_4)
FN:54,(anonymous_5)
FN:55,(anonymous_6)
FN:56,(anonymous_7)
FNF:8
FNH:0
FNDA:0,(anonymous_0)
FNDA:0,(anonymous_1)
FNDA:0,(anonymous_2)
FNDA:0,(anonymous_3)
FNDA:0,(anonymous_4)
FNDA:0,(anonymous_5)
FNDA:0,(anonymous_6)
FNDA:0,(anonymous_7)
DA:9,0
DA:27,0
DA:29,0
DA:30,0
DA:35,0
DA:36,0
DA:41,0
DA:42,0
DA:48,0
DA:53,0
DA:54,0
DA:55,0
DA:56,0
LF:13
LH:0
BRDA:9,0,0,0
BRDA:9,0,1,0
BRDA:9,0,2,0
BRDA:29,1,0,0
BRDA:29,1,1,0
BRDA:35,2,0,0
BRDA:35,2,1,0
BRDA:41,3,0,0
BRDA:41,3,1,0
BRF:9
BRH:0
end_of_record
